[2025-09-21T19:32:18.651Z] Error: Table 'restpointdatabase.charges' doesn't exist
    at PromisePool.execute (C:\softwares\RestPointSoftware\RestPointSoftware\BackendApi\node_modules\mysql2\lib\promise\pool.js:54:22)
    at safeQuery (C:\softwares\RestPointSoftware\RestPointSoftware\BackendApi\configurations\sqlConfig\db.js:26:31)
    at C:\softwares\RestPointSoftware\RestPointSoftware\BackendApi\controllers\deceasedControllers\deceasedControl.js:171:31
    at processTicksAndRejections (node:internal/process/task_queues:105:5)
[2025-09-21T19:32:18.728Z] Error: Table 'restpointdatabase.charges' doesn't exist
    at PromisePool.execute (C:\softwares\RestPointSoftware\RestPointSoftware\BackendApi\node_modules\mysql2\lib\promise\pool.js:54:22)
    at safeQuery (C:\softwares\RestPointSoftware\RestPointSoftware\BackendApi\configurations\sqlConfig\db.js:26:31)
    at C:\softwares\RestPointSoftware\RestPointSoftware\BackendApi\controllers\deceasedControllers\deceasedControl.js:171:31
    at processTicksAndRejections (node:internal/process/task_queues:105:5)
[2025-09-25T17:17:26.305Z] Error: Unknown column 'nk.name' in 'SELECT'
    at PromisePool.execute (C:\backups\softwares\RestPointSoftware\RestPointSoftware\BackendApi\node_modules\mysql2\lib\promise\pool.js:54:22)
    at safeQuery (C:\backups\softwares\RestPointSoftware\RestPointSoftware\BackendApi\configurations\sqlConfig\db.js:26:31)
    at C:\backups\softwares\RestPointSoftware\RestPointSoftware\BackendApi\controllers\deceasedControllers\deceasedControl.js:157:32
    at asyncUtilWrap (C:\backups\softwares\RestPointSoftware\RestPointSoftware\BackendApi\node_modules\express-async-handler\index.js:3:20)
    at Layer.handleRequest (C:\backups\softwares\RestPointSoftware\RestPointSoftware\BackendApi\node_modules\router\lib\layer.js:152:17)
    at next (C:\backups\softwares\RestPointSoftware\RestPointSoftware\BackendApi\node_modules\router\lib\route.js:157:13)
    at Route.dispatch (C:\backups\softwares\RestPointSoftware\RestPointSoftware\BackendApi\node_modules\router\lib\route.js:117:3)
    at handle (C:\backups\softwares\RestPointSoftware\RestPointSoftware\BackendApi\node_modules\router\index.js:435:11)
    at Layer.handleRequest (C:\backups\softwares\RestPointSoftware\RestPointSoftware\BackendApi\node_modules\router\lib\layer.js:152:17)
    at C:\backups\softwares\RestPointSoftware\RestPointSoftware\BackendApi\node_modules\router\index.js:295:15
    at processParams (C:\backups\softwares\RestPointSoftware\RestPointSoftware\BackendApi\node_modules\router\index.js:582:12)
    at next (C:\backups\softwares\RestPointSoftware\RestPointSoftware\BackendApi\node_modules\router\index.js:291:5)
    at Function.handle (C:\backups\softwares\RestPointSoftware\RestPointSoftware\BackendApi\node_modules\router\index.js:186:3)
    at router (C:\backups\softwares\RestPointSoftware\RestPointSoftware\BackendApi\node_modules\router\index.js:60:12)
    at Layer.handleRequest (C:\backups\softwares\RestPointSoftware\RestPointSoftware\BackendApi\node_modules\router\lib\layer.js:152:17)
    at trimPrefix (C:\backups\softwares\RestPointSoftware\RestPointSoftware\BackendApi\node_modules\router\index.js:342:13)
[2025-09-25T17:17:26.381Z] Error: Unknown column 'nk.name' in 'SELECT'
    at PromisePool.execute (C:\backups\softwares\RestPointSoftware\RestPointSoftware\BackendApi\node_modules\mysql2\lib\promise\pool.js:54:22)
    at safeQuery (C:\backups\softwares\RestPointSoftware\RestPointSoftware\BackendApi\configurations\sqlConfig\db.js:26:31)
    at C:\backups\softwares\RestPointSoftware\RestPointSoftware\BackendApi\controllers\deceasedControllers\deceasedControl.js:157:32
    at asyncUtilWrap (C:\backups\softwares\RestPointSoftware\RestPointSoftware\BackendApi\node_modules\express-async-handler\index.js:3:20)
    at Layer.handleRequest (C:\backups\softwares\RestPointSoftware\RestPointSoftware\BackendApi\node_modules\router\lib\layer.js:152:17)
    at next (C:\backups\softwares\RestPointSoftware\RestPointSoftware\BackendApi\node_modules\router\lib\route.js:157:13)
    at Route.dispatch (C:\backups\softwares\RestPointSoftware\RestPointSoftware\BackendApi\node_modules\router\lib\route.js:117:3)
    at handle (C:\backups\softwares\RestPointSoftware\RestPointSoftware\BackendApi\node_modules\router\index.js:435:11)
    at Layer.handleRequest (C:\backups\softwares\RestPointSoftware\RestPointSoftware\BackendApi\node_modules\router\lib\layer.js:152:17)
    at C:\backups\softwares\RestPointSoftware\RestPointSoftware\BackendApi\node_modules\router\index.js:295:15
    at processParams (C:\backups\softwares\RestPointSoftware\RestPointSoftware\BackendApi\node_modules\router\index.js:582:12)
    at next (C:\backups\softwares\RestPointSoftware\RestPointSoftware\BackendApi\node_modules\router\index.js:291:5)
    at Function.handle (C:\backups\softwares\RestPointSoftware\RestPointSoftware\BackendApi\node_modules\router\index.js:186:3)
    at router (C:\backups\softwares\RestPointSoftware\RestPointSoftware\BackendApi\node_modules\router\index.js:60:12)
    at Layer.handleRequest (C:\backups\softwares\RestPointSoftware\RestPointSoftware\BackendApi\node_modules\router\lib\layer.js:152:17)
    at trimPrefix (C:\backups\softwares\RestPointSoftware\RestPointSoftware\BackendApi\node_modules\router\index.js:342:13)
[2025-10-03T16:32:45.145Z] Error: Bind parameters must not contain undefined. To pass SQL NULL specify JS null
    at PromisePool.execute (C:\RestPointSoftware\BackendApi\node_modules\mysql2\lib\promise\pool.js:54:22)
    at safeQuery (C:\RestPointSoftware\BackendApi\configurations\sqlConfig\db.js:26:31)
    at C:\RestPointSoftware\BackendApi\controllers\deceasedControllers\deceasedControl.js:65:11
    at processTicksAndRejections (node:internal/process/task_queues:95:5)
[2025-10-04T05:36:48.039Z] Error: Bind parameters must not contain undefined. To pass SQL NULL specify JS null
    at PromisePool.execute (C:\RestPointSoftware\BackendApi\node_modules\mysql2\lib\promise\pool.js:54:22)
    at safeQuery (C:\RestPointSoftware\BackendApi\configurations\sqlConfig\db.js:26:31)
    at C:\RestPointSoftware\BackendApi\controllers\deceasedControllers\deceasedControl.js:65:11
    at processTicksAndRejections (node:internal/process/task_queues:95:5)
[2025-10-04T08:04:18.607Z] Error: Table 'restpointdatabase.vehicle_dispatch' doesn't exist
    at PromisePool.execute (C:\RestPointSoftware\BackendApi\node_modules\mysql2\lib\promise\pool.js:54:22)
    at safeQuery (C:\RestPointSoftware\BackendApi\configurations\sqlConfig\db.js:26:31)
    at C:\RestPointSoftware\BackendApi\controllers\deceasedControllers\deceasedControl.js:170:32
    at processTicksAndRejections (node:internal/process/task_queues:95:5)
[2025-10-04T08:04:18.638Z] Error: Table 'restpointdatabase.vehicle_dispatch' doesn't exist
    at PromisePool.execute (C:\RestPointSoftware\BackendApi\node_modules\mysql2\lib\promise\pool.js:54:22)
    at safeQuery (C:\RestPointSoftware\BackendApi\configurations\sqlConfig\db.js:26:31)
    at C:\RestPointSoftware\BackendApi\controllers\deceasedControllers\deceasedControl.js:170:32
    at processTicksAndRejections (node:internal/process/task_queues:95:5)
[2025-10-04T08:05:22.748Z] Error: Table 'restpointdatabase.charges' doesn't exist
    at PromisePool.execute (C:\RestPointSoftware\BackendApi\node_modules\mysql2\lib\promise\pool.js:54:22)
    at safeQuery (C:\RestPointSoftware\BackendApi\configurations\sqlConfig\db.js:26:31)
    at C:\RestPointSoftware\BackendApi\controllers\deceasedControllers\deceasedControl.js:171:31
    at processTicksAndRejections (node:internal/process/task_queues:95:5)
[2025-10-04T08:05:22.811Z] Error: Table 'restpointdatabase.charges' doesn't exist
    at PromisePool.execute (C:\RestPointSoftware\BackendApi\node_modules\mysql2\lib\promise\pool.js:54:22)
    at safeQuery (C:\RestPointSoftware\BackendApi\configurations\sqlConfig\db.js:26:31)
    at C:\RestPointSoftware\BackendApi\controllers\deceasedControllers\deceasedControl.js:171:31
    at processTicksAndRejections (node:internal/process/task_queues:95:5)
[2025-10-04T08:06:05.352Z] Error: Table 'restpointdatabase.payments' doesn't exist
    at PromisePool.execute (C:\RestPointSoftware\BackendApi\node_modules\mysql2\lib\promise\pool.js:54:22)
    at safeQuery (C:\RestPointSoftware\BackendApi\configurations\sqlConfig\db.js:26:31)
    at C:\RestPointSoftware\BackendApi\controllers\deceasedControllers\deceasedControl.js:172:32
    at processTicksAndRejections (node:internal/process/task_queues:95:5)
[2025-10-04T08:06:05.402Z] Error: Table 'restpointdatabase.payments' doesn't exist
    at PromisePool.execute (C:\RestPointSoftware\BackendApi\node_modules\mysql2\lib\promise\pool.js:54:22)
    at safeQuery (C:\RestPointSoftware\BackendApi\configurations\sqlConfig\db.js:26:31)
    at C:\RestPointSoftware\BackendApi\controllers\deceasedControllers\deceasedControl.js:172:32
    at processTicksAndRejections (node:internal/process/task_queues:95:5)
[2025-10-04T08:06:46.510Z] Error: Table 'restpointdatabase.visitors' doesn't exist
    at PromisePool.execute (C:\RestPointSoftware\BackendApi\node_modules\mysql2\lib\promise\pool.js:54:22)
    at safeQuery (C:\RestPointSoftware\BackendApi\configurations\sqlConfig\db.js:26:31)
    at C:\RestPointSoftware\BackendApi\controllers\deceasedControllers\deceasedControl.js:174:32
    at processTicksAndRejections (node:internal/process/task_queues:95:5)
[2025-10-04T08:06:46.544Z] Error: Table 'restpointdatabase.visitors' doesn't exist
    at PromisePool.execute (C:\RestPointSoftware\BackendApi\node_modules\mysql2\lib\promise\pool.js:54:22)
    at safeQuery (C:\RestPointSoftware\BackendApi\configurations\sqlConfig\db.js:26:31)
    at C:\RestPointSoftware\BackendApi\controllers\deceasedControllers\deceasedControl.js:174:32
    at processTicksAndRejections (node:internal/process/task_queues:95:5)
[2025-10-04T08:07:42.395Z] Error: Bind parameters must not contain undefined. To pass SQL NULL specify JS null
    at PromisePool.execute (C:\RestPointSoftware\BackendApi\node_modules\mysql2\lib\promise\pool.js:54:22)
    at safeQuery (C:\RestPointSoftware\BackendApi\configurations\sqlConfig\db.js:26:31)
    at C:\RestPointSoftware\BackendApi\controllers\deceasedControllers\deceasedControl.js:182:40
    at processTicksAndRejections (node:internal/process/task_queues:95:5)
[2025-10-04T08:07:42.470Z] Error: Bind parameters must not contain undefined. To pass SQL NULL specify JS null
    at PromisePool.execute (C:\RestPointSoftware\BackendApi\node_modules\mysql2\lib\promise\pool.js:54:22)
    at safeQuery (C:\RestPointSoftware\BackendApi\configurations\sqlConfig\db.js:26:31)
    at C:\RestPointSoftware\BackendApi\controllers\deceasedControllers\deceasedControl.js:182:40
    at processTicksAndRejections (node:internal/process/task_queues:95:5)
[2025-10-04T08:09:58.501Z] Error: Bind parameters must not contain undefined. To pass SQL NULL specify JS null
    at PromisePool.execute (C:\RestPointSoftware\BackendApi\node_modules\mysql2\lib\promise\pool.js:54:22)
    at safeQuery (C:\RestPointSoftware\BackendApi\configurations\sqlConfig\db.js:26:31)
    at C:\RestPointSoftware\BackendApi\controllers\deceasedControllers\deceasedControl.js:186:40
    at processTicksAndRejections (node:internal/process/task_queues:95:5)
[2025-10-04T08:09:58.551Z] Error: Bind parameters must not contain undefined. To pass SQL NULL specify JS null
    at PromisePool.execute (C:\RestPointSoftware\BackendApi\node_modules\mysql2\lib\promise\pool.js:54:22)
    at safeQuery (C:\RestPointSoftware\BackendApi\configurations\sqlConfig\db.js:26:31)
    at C:\RestPointSoftware\BackendApi\controllers\deceasedControllers\deceasedControl.js:186:40
    at processTicksAndRejections (node:internal/process/task_queues:95:5)
[2025-10-04T08:11:53.837Z] Error: Bind parameters must not contain undefined. To pass SQL NULL specify JS null
    at PromisePool.execute (C:\RestPointSoftware\BackendApi\node_modules\mysql2\lib\promise\pool.js:54:22)
    at safeQuery (C:\RestPointSoftware\BackendApi\configurations\sqlConfig\db.js:26:31)
    at C:\RestPointSoftware\BackendApi\controllers\deceasedControllers\deceasedControl.js:190:40
    at processTicksAndRejections (node:internal/process/task_queues:95:5)
[2025-10-04T08:11:53.872Z] Error: Bind parameters must not contain undefined. To pass SQL NULL specify JS null
    at PromisePool.execute (C:\RestPointSoftware\BackendApi\node_modules\mysql2\lib\promise\pool.js:54:22)
    at safeQuery (C:\RestPointSoftware\BackendApi\configurations\sqlConfig\db.js:26:31)
    at C:\RestPointSoftware\BackendApi\controllers\deceasedControllers\deceasedControl.js:190:40
    at processTicksAndRejections (node:internal/process/task_queues:95:5)
[2025-10-04T08:12:39.885Z] Error: Bind parameters must not contain undefined. To pass SQL NULL specify JS null
    at PromisePool.execute (C:\RestPointSoftware\BackendApi\node_modules\mysql2\lib\promise\pool.js:54:22)
    at safeQuery (C:\RestPointSoftware\BackendApi\configurations\sqlConfig\db.js:26:31)
    at C:\RestPointSoftware\BackendApi\controllers\deceasedControllers\deceasedControl.js:190:40
    at processTicksAndRejections (node:internal/process/task_queues:95:5)
[2025-10-04T08:13:34.085Z] Error: Bind parameters must not contain undefined. To pass SQL NULL specify JS null
    at PromisePool.execute (C:\RestPointSoftware\BackendApi\node_modules\mysql2\lib\promise\pool.js:54:22)
    at safeQuery (C:\RestPointSoftware\BackendApi\configurations\sqlConfig\db.js:26:31)
    at C:\RestPointSoftware\BackendApi\controllers\deceasedControllers\deceasedControl.js:190:40
    at processTicksAndRejections (node:internal/process/task_queues:95:5)
[2025-10-04T08:13:34.146Z] Error: Bind parameters must not contain undefined. To pass SQL NULL specify JS null
    at PromisePool.execute (C:\RestPointSoftware\BackendApi\node_modules\mysql2\lib\promise\pool.js:54:22)
    at safeQuery (C:\RestPointSoftware\BackendApi\configurations\sqlConfig\db.js:26:31)
    at C:\RestPointSoftware\BackendApi\controllers\deceasedControllers\deceasedControl.js:190:40
    at processTicksAndRejections (node:internal/process/task_queues:95:5)
[2025-10-04T09:15:35.346Z] Error: Unknown column 'national_id' in 'INSERT INTO'
    at PromisePool.execute (C:\RestPointSoftware\BackendApi\node_modules\mysql2\lib\promise\pool.js:54:22)
    at safeQuery (C:\RestPointSoftware\BackendApi\configurations\sqlConfig\db.js:26:31)
    at C:\RestPointSoftware\BackendApi\controllers\deceasedControllers\deceasedControl.js:65:11
    at processTicksAndRejections (node:internal/process/task_queues:95:5)
[2025-10-04T09:25:21.053Z] Error: Bind parameters must not contain undefined. To pass SQL NULL specify JS null
    at PromisePool.execute (C:\RestPointSoftware\BackendApi\node_modules\mysql2\lib\promise\pool.js:54:22)
    at safeQuery (C:\RestPointSoftware\BackendApi\configurations\sqlConfig\db.js:26:31)
    at C:\RestPointSoftware\BackendApi\controllers\deceasedControllers\deceasedControl.js:65:11
    at processTicksAndRejections (node:internal/process/task_queues:95:5)
[2025-10-04T09:26:02.454Z] Error: Unknown column 'k.kin_name' in 'SELECT'
    at PromisePool.execute (C:\RestPointSoftware\BackendApi\node_modules\mysql2\lib\promise\pool.js:54:22)
    at safeQuery (C:\RestPointSoftware\BackendApi\configurations\sqlConfig\db.js:26:31)
    at C:\RestPointSoftware\BackendApi\controllers\deceasedControllers\deceasedControl.js:110:24
    at asyncUtilWrap (C:\RestPointSoftware\BackendApi\node_modules\express-async-handler\index.js:3:20)
    at Layer.handleRequest (C:\RestPointSoftware\BackendApi\node_modules\router\lib\layer.js:152:17)
    at next (C:\RestPointSoftware\BackendApi\node_modules\router\lib\route.js:157:13)
    at Route.dispatch (C:\RestPointSoftware\BackendApi\node_modules\router\lib\route.js:117:3)
    at handle (C:\RestPointSoftware\BackendApi\node_modules\router\index.js:435:11)
    at Layer.handleRequest (C:\RestPointSoftware\BackendApi\node_modules\router\lib\layer.js:152:17)
    at C:\RestPointSoftware\BackendApi\node_modules\router\index.js:295:15
    at processParams (C:\RestPointSoftware\BackendApi\node_modules\router\index.js:582:12)
    at next (C:\RestPointSoftware\BackendApi\node_modules\router\index.js:291:5)
    at Function.handle (C:\RestPointSoftware\BackendApi\node_modules\router\index.js:186:3)
    at router (C:\RestPointSoftware\BackendApi\node_modules\router\index.js:60:12)
    at Layer.handleRequest (C:\RestPointSoftware\BackendApi\node_modules\router\lib\layer.js:152:17)
    at trimPrefix (C:\RestPointSoftware\BackendApi\node_modules\router\index.js:342:13)
[2025-10-04T09:26:02.466Z] Error: Unknown column 'k.kin_name' in 'SELECT'
    at PromisePool.execute (C:\RestPointSoftware\BackendApi\node_modules\mysql2\lib\promise\pool.js:54:22)
    at safeQuery (C:\RestPointSoftware\BackendApi\configurations\sqlConfig\db.js:26:31)
    at C:\RestPointSoftware\BackendApi\controllers\deceasedControllers\deceasedControl.js:110:24
    at asyncUtilWrap (C:\RestPointSoftware\BackendApi\node_modules\express-async-handler\index.js:3:20)
    at Layer.handleRequest (C:\RestPointSoftware\BackendApi\node_modules\router\lib\layer.js:152:17)
    at next (C:\RestPointSoftware\BackendApi\node_modules\router\lib\route.js:157:13)
    at Route.dispatch (C:\RestPointSoftware\BackendApi\node_modules\router\lib\route.js:117:3)
    at handle (C:\RestPointSoftware\BackendApi\node_modules\router\index.js:435:11)
    at Layer.handleRequest (C:\RestPointSoftware\BackendApi\node_modules\router\lib\layer.js:152:17)
    at C:\RestPointSoftware\BackendApi\node_modules\router\index.js:295:15
    at processParams (C:\RestPointSoftware\BackendApi\node_modules\router\index.js:582:12)
    at next (C:\RestPointSoftware\BackendApi\node_modules\router\index.js:291:5)
    at Function.handle (C:\RestPointSoftware\BackendApi\node_modules\router\index.js:186:3)
    at router (C:\RestPointSoftware\BackendApi\node_modules\router\index.js:60:12)
    at Layer.handleRequest (C:\RestPointSoftware\BackendApi\node_modules\router\lib\layer.js:152:17)
    at trimPrefix (C:\RestPointSoftware\BackendApi\node_modules\router\index.js:342:13)
[2025-10-04T09:26:02.493Z] Error: Unknown column 'k.kin_name' in 'SELECT'
    at PromisePool.execute (C:\RestPointSoftware\BackendApi\node_modules\mysql2\lib\promise\pool.js:54:22)
    at safeQuery (C:\RestPointSoftware\BackendApi\configurations\sqlConfig\db.js:26:31)
    at C:\RestPointSoftware\BackendApi\controllers\deceasedControllers\deceasedControl.js:110:24
    at asyncUtilWrap (C:\RestPointSoftware\BackendApi\node_modules\express-async-handler\index.js:3:20)
    at Layer.handleRequest (C:\RestPointSoftware\BackendApi\node_modules\router\lib\layer.js:152:17)
    at next (C:\RestPointSoftware\BackendApi\node_modules\router\lib\route.js:157:13)
    at Route.dispatch (C:\RestPointSoftware\BackendApi\node_modules\router\lib\route.js:117:3)
    at handle (C:\RestPointSoftware\BackendApi\node_modules\router\index.js:435:11)
    at Layer.handleRequest (C:\RestPointSoftware\BackendApi\node_modules\router\lib\layer.js:152:17)
    at C:\RestPointSoftware\BackendApi\node_modules\router\index.js:295:15
    at processParams (C:\RestPointSoftware\BackendApi\node_modules\router\index.js:582:12)
    at next (C:\RestPointSoftware\BackendApi\node_modules\router\index.js:291:5)
    at Function.handle (C:\RestPointSoftware\BackendApi\node_modules\router\index.js:186:3)
    at router (C:\RestPointSoftware\BackendApi\node_modules\router\index.js:60:12)
    at Layer.handleRequest (C:\RestPointSoftware\BackendApi\node_modules\router\lib\layer.js:152:17)
    at trimPrefix (C:\RestPointSoftware\BackendApi\node_modules\router\index.js:342:13)
[2025-10-04T09:26:02.506Z] Error: Unknown column 'k.kin_name' in 'SELECT'
    at PromisePool.execute (C:\RestPointSoftware\BackendApi\node_modules\mysql2\lib\promise\pool.js:54:22)
    at safeQuery (C:\RestPointSoftware\BackendApi\configurations\sqlConfig\db.js:26:31)
    at C:\RestPointSoftware\BackendApi\controllers\deceasedControllers\deceasedControl.js:110:24
    at asyncUtilWrap (C:\RestPointSoftware\BackendApi\node_modules\express-async-handler\index.js:3:20)
    at Layer.handleRequest (C:\RestPointSoftware\BackendApi\node_modules\router\lib\layer.js:152:17)
    at next (C:\RestPointSoftware\BackendApi\node_modules\router\lib\route.js:157:13)
    at Route.dispatch (C:\RestPointSoftware\BackendApi\node_modules\router\lib\route.js:117:3)
    at handle (C:\RestPointSoftware\BackendApi\node_modules\router\index.js:435:11)
    at Layer.handleRequest (C:\RestPointSoftware\BackendApi\node_modules\router\lib\layer.js:152:17)
    at C:\RestPointSoftware\BackendApi\node_modules\router\index.js:295:15
    at processParams (C:\RestPointSoftware\BackendApi\node_modules\router\index.js:582:12)
    at next (C:\RestPointSoftware\BackendApi\node_modules\router\index.js:291:5)
    at Function.handle (C:\RestPointSoftware\BackendApi\node_modules\router\index.js:186:3)
    at router (C:\RestPointSoftware\BackendApi\node_modules\router\index.js:60:12)
    at Layer.handleRequest (C:\RestPointSoftware\BackendApi\node_modules\router\lib\layer.js:152:17)
    at trimPrefix (C:\RestPointSoftware\BackendApi\node_modules\router\index.js:342:13)
[2025-10-04T09:26:06.601Z] Error: Unknown column 'k.kin_name' in 'SELECT'
    at PromisePool.execute (C:\RestPointSoftware\BackendApi\node_modules\mysql2\lib\promise\pool.js:54:22)
    at safeQuery (C:\RestPointSoftware\BackendApi\configurations\sqlConfig\db.js:26:31)
    at C:\RestPointSoftware\BackendApi\controllers\deceasedControllers\deceasedControl.js:110:24
    at asyncUtilWrap (C:\RestPointSoftware\BackendApi\node_modules\express-async-handler\index.js:3:20)
    at Layer.handleRequest (C:\RestPointSoftware\BackendApi\node_modules\router\lib\layer.js:152:17)
    at next (C:\RestPointSoftware\BackendApi\node_modules\router\lib\route.js:157:13)
    at Route.dispatch (C:\RestPointSoftware\BackendApi\node_modules\router\lib\route.js:117:3)
    at handle (C:\RestPointSoftware\BackendApi\node_modules\router\index.js:435:11)
    at Layer.handleRequest (C:\RestPointSoftware\BackendApi\node_modules\router\lib\layer.js:152:17)
    at C:\RestPointSoftware\BackendApi\node_modules\router\index.js:295:15
    at processParams (C:\RestPointSoftware\BackendApi\node_modules\router\index.js:582:12)
    at next (C:\RestPointSoftware\BackendApi\node_modules\router\index.js:291:5)
    at Function.handle (C:\RestPointSoftware\BackendApi\node_modules\router\index.js:186:3)
    at router (C:\RestPointSoftware\BackendApi\node_modules\router\index.js:60:12)
    at Layer.handleRequest (C:\RestPointSoftware\BackendApi\node_modules\router\lib\layer.js:152:17)
    at trimPrefix (C:\RestPointSoftware\BackendApi\node_modules\router\index.js:342:13)
[2025-10-04T09:26:06.624Z] Error: Unknown column 'k.kin_name' in 'SELECT'
    at PromisePool.execute (C:\RestPointSoftware\BackendApi\node_modules\mysql2\lib\promise\pool.js:54:22)
    at safeQuery (C:\RestPointSoftware\BackendApi\configurations\sqlConfig\db.js:26:31)
    at C:\RestPointSoftware\BackendApi\controllers\deceasedControllers\deceasedControl.js:110:24
    at asyncUtilWrap (C:\RestPointSoftware\BackendApi\node_modules\express-async-handler\index.js:3:20)
    at Layer.handleRequest (C:\RestPointSoftware\BackendApi\node_modules\router\lib\layer.js:152:17)
    at next (C:\RestPointSoftware\BackendApi\node_modules\router\lib\route.js:157:13)
    at Route.dispatch (C:\RestPointSoftware\BackendApi\node_modules\router\lib\route.js:117:3)
    at handle (C:\RestPointSoftware\BackendApi\node_modules\router\index.js:435:11)
    at Layer.handleRequest (C:\RestPointSoftware\BackendApi\node_modules\router\lib\layer.js:152:17)
    at C:\RestPointSoftware\BackendApi\node_modules\router\index.js:295:15
    at processParams (C:\RestPointSoftware\BackendApi\node_modules\router\index.js:582:12)
    at next (C:\RestPointSoftware\BackendApi\node_modules\router\index.js:291:5)
    at Function.handle (C:\RestPointSoftware\BackendApi\node_modules\router\index.js:186:3)
    at router (C:\RestPointSoftware\BackendApi\node_modules\router\index.js:60:12)
    at Layer.handleRequest (C:\RestPointSoftware\BackendApi\node_modules\router\lib\layer.js:152:17)
    at trimPrefix (C:\RestPointSoftware\BackendApi\node_modules\router\index.js:342:13)
[2025-10-04T09:26:06.668Z] Error: Unknown column 'k.kin_name' in 'SELECT'
    at PromisePool.execute (C:\RestPointSoftware\BackendApi\node_modules\mysql2\lib\promise\pool.js:54:22)
    at safeQuery (C:\RestPointSoftware\BackendApi\configurations\sqlConfig\db.js:26:31)
    at C:\RestPointSoftware\BackendApi\controllers\deceasedControllers\deceasedControl.js:110:24
    at asyncUtilWrap (C:\RestPointSoftware\BackendApi\node_modules\express-async-handler\index.js:3:20)
    at Layer.handleRequest (C:\RestPointSoftware\BackendApi\node_modules\router\lib\layer.js:152:17)
    at next (C:\RestPointSoftware\BackendApi\node_modules\router\lib\route.js:157:13)
    at Route.dispatch (C:\RestPointSoftware\BackendApi\node_modules\router\lib\route.js:117:3)
    at handle (C:\RestPointSoftware\BackendApi\node_modules\router\index.js:435:11)
    at Layer.handleRequest (C:\RestPointSoftware\BackendApi\node_modules\router\lib\layer.js:152:17)
    at C:\RestPointSoftware\BackendApi\node_modules\router\index.js:295:15
    at processParams (C:\RestPointSoftware\BackendApi\node_modules\router\index.js:582:12)
    at next (C:\RestPointSoftware\BackendApi\node_modules\router\index.js:291:5)
    at Function.handle (C:\RestPointSoftware\BackendApi\node_modules\router\index.js:186:3)
    at router (C:\RestPointSoftware\BackendApi\node_modules\router\index.js:60:12)
    at Layer.handleRequest (C:\RestPointSoftware\BackendApi\node_modules\router\lib\layer.js:152:17)
    at trimPrefix (C:\RestPointSoftware\BackendApi\node_modules\router\index.js:342:13)
[2025-10-04T09:26:06.674Z] Error: Unknown column 'k.kin_name' in 'SELECT'
    at PromisePool.execute (C:\RestPointSoftware\BackendApi\node_modules\mysql2\lib\promise\pool.js:54:22)
    at safeQuery (C:\RestPointSoftware\BackendApi\configurations\sqlConfig\db.js:26:31)
    at C:\RestPointSoftware\BackendApi\controllers\deceasedControllers\deceasedControl.js:110:24
    at asyncUtilWrap (C:\RestPointSoftware\BackendApi\node_modules\express-async-handler\index.js:3:20)
    at Layer.handleRequest (C:\RestPointSoftware\BackendApi\node_modules\router\lib\layer.js:152:17)
    at next (C:\RestPointSoftware\BackendApi\node_modules\router\lib\route.js:157:13)
    at Route.dispatch (C:\RestPointSoftware\BackendApi\node_modules\router\lib\route.js:117:3)
    at handle (C:\RestPointSoftware\BackendApi\node_modules\router\index.js:435:11)
    at Layer.handleRequest (C:\RestPointSoftware\BackendApi\node_modules\router\lib\layer.js:152:17)
    at C:\RestPointSoftware\BackendApi\node_modules\router\index.js:295:15
    at processParams (C:\RestPointSoftware\BackendApi\node_modules\router\index.js:582:12)
    at next (C:\RestPointSoftware\BackendApi\node_modules\router\index.js:291:5)
    at Function.handle (C:\RestPointSoftware\BackendApi\node_modules\router\index.js:186:3)
    at router (C:\RestPointSoftware\BackendApi\node_modules\router\index.js:60:12)
    at Layer.handleRequest (C:\RestPointSoftware\BackendApi\node_modules\router\lib\layer.js:152:17)
    at trimPrefix (C:\RestPointSoftware\BackendApi\node_modules\router\index.js:342:13)
[2025-10-04T09:26:08.505Z] Error: Unknown column 'k.kin_name' in 'SELECT'
    at PromisePool.execute (C:\RestPointSoftware\BackendApi\node_modules\mysql2\lib\promise\pool.js:54:22)
    at safeQuery (C:\RestPointSoftware\BackendApi\configurations\sqlConfig\db.js:26:31)
    at C:\RestPointSoftware\BackendApi\controllers\deceasedControllers\deceasedControl.js:110:24
    at asyncUtilWrap (C:\RestPointSoftware\BackendApi\node_modules\express-async-handler\index.js:3:20)
    at Layer.handleRequest (C:\RestPointSoftware\BackendApi\node_modules\router\lib\layer.js:152:17)
    at next (C:\RestPointSoftware\BackendApi\node_modules\router\lib\route.js:157:13)
    at Route.dispatch (C:\RestPointSoftware\BackendApi\node_modules\router\lib\route.js:117:3)
    at handle (C:\RestPointSoftware\BackendApi\node_modules\router\index.js:435:11)
    at Layer.handleRequest (C:\RestPointSoftware\BackendApi\node_modules\router\lib\layer.js:152:17)
    at C:\RestPointSoftware\BackendApi\node_modules\router\index.js:295:15
    at processParams (C:\RestPointSoftware\BackendApi\node_modules\router\index.js:582:12)
    at next (C:\RestPointSoftware\BackendApi\node_modules\router\index.js:291:5)
    at Function.handle (C:\RestPointSoftware\BackendApi\node_modules\router\index.js:186:3)
    at router (C:\RestPointSoftware\BackendApi\node_modules\router\index.js:60:12)
    at Layer.handleRequest (C:\RestPointSoftware\BackendApi\node_modules\router\lib\layer.js:152:17)
    at trimPrefix (C:\RestPointSoftware\BackendApi\node_modules\router\index.js:342:13)
[2025-10-04T09:26:08.575Z] Error: Unknown column 'k.kin_name' in 'SELECT'
    at PromisePool.execute (C:\RestPointSoftware\BackendApi\node_modules\mysql2\lib\promise\pool.js:54:22)
    at safeQuery (C:\RestPointSoftware\BackendApi\configurations\sqlConfig\db.js:26:31)
    at C:\RestPointSoftware\BackendApi\controllers\deceasedControllers\deceasedControl.js:110:24
    at asyncUtilWrap (C:\RestPointSoftware\BackendApi\node_modules\express-async-handler\index.js:3:20)
    at Layer.handleRequest (C:\RestPointSoftware\BackendApi\node_modules\router\lib\layer.js:152:17)
    at next (C:\RestPointSoftware\BackendApi\node_modules\router\lib\route.js:157:13)
    at Route.dispatch (C:\RestPointSoftware\BackendApi\node_modules\router\lib\route.js:117:3)
    at handle (C:\RestPointSoftware\BackendApi\node_modules\router\index.js:435:11)
    at Layer.handleRequest (C:\RestPointSoftware\BackendApi\node_modules\router\lib\layer.js:152:17)
    at C:\RestPointSoftware\BackendApi\node_modules\router\index.js:295:15
    at processParams (C:\RestPointSoftware\BackendApi\node_modules\router\index.js:582:12)
    at next (C:\RestPointSoftware\BackendApi\node_modules\router\index.js:291:5)
    at Function.handle (C:\RestPointSoftware\BackendApi\node_modules\router\index.js:186:3)
    at router (C:\RestPointSoftware\BackendApi\node_modules\router\index.js:60:12)
    at Layer.handleRequest (C:\RestPointSoftware\BackendApi\node_modules\router\lib\layer.js:152:17)
    at trimPrefix (C:\RestPointSoftware\BackendApi\node_modules\router\index.js:342:13)
[2025-10-04T09:26:08.617Z] Error: Unknown column 'k.kin_name' in 'SELECT'
    at PromisePool.execute (C:\RestPointSoftware\BackendApi\node_modules\mysql2\lib\promise\pool.js:54:22)
    at safeQuery (C:\RestPointSoftware\BackendApi\configurations\sqlConfig\db.js:26:31)
    at C:\RestPointSoftware\BackendApi\controllers\deceasedControllers\deceasedControl.js:110:24
    at asyncUtilWrap (C:\RestPointSoftware\BackendApi\node_modules\express-async-handler\index.js:3:20)
    at Layer.handleRequest (C:\RestPointSoftware\BackendApi\node_modules\router\lib\layer.js:152:17)
    at next (C:\RestPointSoftware\BackendApi\node_modules\router\lib\route.js:157:13)
    at Route.dispatch (C:\RestPointSoftware\BackendApi\node_modules\router\lib\route.js:117:3)
    at handle (C:\RestPointSoftware\BackendApi\node_modules\router\index.js:435:11)
    at Layer.handleRequest (C:\RestPointSoftware\BackendApi\node_modules\router\lib\layer.js:152:17)
    at C:\RestPointSoftware\BackendApi\node_modules\router\index.js:295:15
    at processParams (C:\RestPointSoftware\BackendApi\node_modules\router\index.js:582:12)
    at next (C:\RestPointSoftware\BackendApi\node_modules\router\index.js:291:5)
    at Function.handle (C:\RestPointSoftware\BackendApi\node_modules\router\index.js:186:3)
    at router (C:\RestPointSoftware\BackendApi\node_modules\router\index.js:60:12)
    at Layer.handleRequest (C:\RestPointSoftware\BackendApi\node_modules\router\lib\layer.js:152:17)
    at trimPrefix (C:\RestPointSoftware\BackendApi\node_modules\router\index.js:342:13)
[2025-10-04T09:26:08.624Z] Error: Unknown column 'k.kin_name' in 'SELECT'
    at PromisePool.execute (C:\RestPointSoftware\BackendApi\node_modules\mysql2\lib\promise\pool.js:54:22)
    at safeQuery (C:\RestPointSoftware\BackendApi\configurations\sqlConfig\db.js:26:31)
    at C:\RestPointSoftware\BackendApi\controllers\deceasedControllers\deceasedControl.js:110:24
    at asyncUtilWrap (C:\RestPointSoftware\BackendApi\node_modules\express-async-handler\index.js:3:20)
    at Layer.handleRequest (C:\RestPointSoftware\BackendApi\node_modules\router\lib\layer.js:152:17)
    at next (C:\RestPointSoftware\BackendApi\node_modules\router\lib\route.js:157:13)
    at Route.dispatch (C:\RestPointSoftware\BackendApi\node_modules\router\lib\route.js:117:3)
    at handle (C:\RestPointSoftware\BackendApi\node_modules\router\index.js:435:11)
    at Layer.handleRequest (C:\RestPointSoftware\BackendApi\node_modules\router\lib\layer.js:152:17)
    at C:\RestPointSoftware\BackendApi\node_modules\router\index.js:295:15
    at processParams (C:\RestPointSoftware\BackendApi\node_modules\router\index.js:582:12)
    at next (C:\RestPointSoftware\BackendApi\node_modules\router\index.js:291:5)
    at Function.handle (C:\RestPointSoftware\BackendApi\node_modules\router\index.js:186:3)
    at router (C:\RestPointSoftware\BackendApi\node_modules\router\index.js:60:12)
    at Layer.handleRequest (C:\RestPointSoftware\BackendApi\node_modules\router\lib\layer.js:152:17)
    at trimPrefix (C:\RestPointSoftware\BackendApi\node_modules\router\index.js:342:13)
[2025-10-04T09:26:09.587Z] Error: Unknown column 'k.kin_name' in 'SELECT'
    at PromisePool.execute (C:\RestPointSoftware\BackendApi\node_modules\mysql2\lib\promise\pool.js:54:22)
    at safeQuery (C:\RestPointSoftware\BackendApi\configurations\sqlConfig\db.js:26:31)
    at C:\RestPointSoftware\BackendApi\controllers\deceasedControllers\deceasedControl.js:110:24
    at asyncUtilWrap (C:\RestPointSoftware\BackendApi\node_modules\express-async-handler\index.js:3:20)
    at Layer.handleRequest (C:\RestPointSoftware\BackendApi\node_modules\router\lib\layer.js:152:17)
    at next (C:\RestPointSoftware\BackendApi\node_modules\router\lib\route.js:157:13)
    at Route.dispatch (C:\RestPointSoftware\BackendApi\node_modules\router\lib\route.js:117:3)
    at handle (C:\RestPointSoftware\BackendApi\node_modules\router\index.js:435:11)
    at Layer.handleRequest (C:\RestPointSoftware\BackendApi\node_modules\router\lib\layer.js:152:17)
    at C:\RestPointSoftware\BackendApi\node_modules\router\index.js:295:15
    at processParams (C:\RestPointSoftware\BackendApi\node_modules\router\index.js:582:12)
    at next (C:\RestPointSoftware\BackendApi\node_modules\router\index.js:291:5)
    at Function.handle (C:\RestPointSoftware\BackendApi\node_modules\router\index.js:186:3)
    at router (C:\RestPointSoftware\BackendApi\node_modules\router\index.js:60:12)
    at Layer.handleRequest (C:\RestPointSoftware\BackendApi\node_modules\router\lib\layer.js:152:17)
    at trimPrefix (C:\RestPointSoftware\BackendApi\node_modules\router\index.js:342:13)
[2025-10-04T09:26:09.641Z] Error: Unknown column 'k.kin_name' in 'SELECT'
    at PromisePool.execute (C:\RestPointSoftware\BackendApi\node_modules\mysql2\lib\promise\pool.js:54:22)
    at safeQuery (C:\RestPointSoftware\BackendApi\configurations\sqlConfig\db.js:26:31)
    at C:\RestPointSoftware\BackendApi\controllers\deceasedControllers\deceasedControl.js:110:24
    at asyncUtilWrap (C:\RestPointSoftware\BackendApi\node_modules\express-async-handler\index.js:3:20)
    at Layer.handleRequest (C:\RestPointSoftware\BackendApi\node_modules\router\lib\layer.js:152:17)
    at next (C:\RestPointSoftware\BackendApi\node_modules\router\lib\route.js:157:13)
    at Route.dispatch (C:\RestPointSoftware\BackendApi\node_modules\router\lib\route.js:117:3)
    at handle (C:\RestPointSoftware\BackendApi\node_modules\router\index.js:435:11)
    at Layer.handleRequest (C:\RestPointSoftware\BackendApi\node_modules\router\lib\layer.js:152:17)
    at C:\RestPointSoftware\BackendApi\node_modules\router\index.js:295:15
    at processParams (C:\RestPointSoftware\BackendApi\node_modules\router\index.js:582:12)
    at next (C:\RestPointSoftware\BackendApi\node_modules\router\index.js:291:5)
    at Function.handle (C:\RestPointSoftware\BackendApi\node_modules\router\index.js:186:3)
    at router (C:\RestPointSoftware\BackendApi\node_modules\router\index.js:60:12)
    at Layer.handleRequest (C:\RestPointSoftware\BackendApi\node_modules\router\lib\layer.js:152:17)
    at trimPrefix (C:\RestPointSoftware\BackendApi\node_modules\router\index.js:342:13)
[2025-10-04T09:26:09.670Z] Error: Unknown column 'k.kin_name' in 'SELECT'
    at PromisePool.execute (C:\RestPointSoftware\BackendApi\node_modules\mysql2\lib\promise\pool.js:54:22)
    at safeQuery (C:\RestPointSoftware\BackendApi\configurations\sqlConfig\db.js:26:31)
    at C:\RestPointSoftware\BackendApi\controllers\deceasedControllers\deceasedControl.js:110:24
    at asyncUtilWrap (C:\RestPointSoftware\BackendApi\node_modules\express-async-handler\index.js:3:20)
    at Layer.handleRequest (C:\RestPointSoftware\BackendApi\node_modules\router\lib\layer.js:152:17)
    at next (C:\RestPointSoftware\BackendApi\node_modules\router\lib\route.js:157:13)
    at Route.dispatch (C:\RestPointSoftware\BackendApi\node_modules\router\lib\route.js:117:3)
    at handle (C:\RestPointSoftware\BackendApi\node_modules\router\index.js:435:11)
    at Layer.handleRequest (C:\RestPointSoftware\BackendApi\node_modules\router\lib\layer.js:152:17)
    at C:\RestPointSoftware\BackendApi\node_modules\router\index.js:295:15
    at processParams (C:\RestPointSoftware\BackendApi\node_modules\router\index.js:582:12)
    at next (C:\RestPointSoftware\BackendApi\node_modules\router\index.js:291:5)
    at Function.handle (C:\RestPointSoftware\BackendApi\node_modules\router\index.js:186:3)
    at router (C:\RestPointSoftware\BackendApi\node_modules\router\index.js:60:12)
    at Layer.handleRequest (C:\RestPointSoftware\BackendApi\node_modules\router\lib\layer.js:152:17)
    at trimPrefix (C:\RestPointSoftware\BackendApi\node_modules\router\index.js:342:13)
[2025-10-04T09:26:09.678Z] Error: Unknown column 'k.kin_name' in 'SELECT'
    at PromisePool.execute (C:\RestPointSoftware\BackendApi\node_modules\mysql2\lib\promise\pool.js:54:22)
    at safeQuery (C:\RestPointSoftware\BackendApi\configurations\sqlConfig\db.js:26:31)
    at C:\RestPointSoftware\BackendApi\controllers\deceasedControllers\deceasedControl.js:110:24
    at asyncUtilWrap (C:\RestPointSoftware\BackendApi\node_modules\express-async-handler\index.js:3:20)
    at Layer.handleRequest (C:\RestPointSoftware\BackendApi\node_modules\router\lib\layer.js:152:17)
    at next (C:\RestPointSoftware\BackendApi\node_modules\router\lib\route.js:157:13)
    at Route.dispatch (C:\RestPointSoftware\BackendApi\node_modules\router\lib\route.js:117:3)
    at handle (C:\RestPointSoftware\BackendApi\node_modules\router\index.js:435:11)
    at Layer.handleRequest (C:\RestPointSoftware\BackendApi\node_modules\router\lib\layer.js:152:17)
    at C:\RestPointSoftware\BackendApi\node_modules\router\index.js:295:15
    at processParams (C:\RestPointSoftware\BackendApi\node_modules\router\index.js:582:12)
    at next (C:\RestPointSoftware\BackendApi\node_modules\router\index.js:291:5)
    at Function.handle (C:\RestPointSoftware\BackendApi\node_modules\router\index.js:186:3)
    at router (C:\RestPointSoftware\BackendApi\node_modules\router\index.js:60:12)
    at Layer.handleRequest (C:\RestPointSoftware\BackendApi\node_modules\router\lib\layer.js:152:17)
    at trimPrefix (C:\RestPointSoftware\BackendApi\node_modules\router\index.js:342:13)
[2025-10-04T09:26:10.767Z] Error: Unknown column 'k.kin_name' in 'SELECT'
    at PromisePool.execute (C:\RestPointSoftware\BackendApi\node_modules\mysql2\lib\promise\pool.js:54:22)
    at safeQuery (C:\RestPointSoftware\BackendApi\configurations\sqlConfig\db.js:26:31)
    at C:\RestPointSoftware\BackendApi\controllers\deceasedControllers\deceasedControl.js:110:24
    at asyncUtilWrap (C:\RestPointSoftware\BackendApi\node_modules\express-async-handler\index.js:3:20)
    at Layer.handleRequest (C:\RestPointSoftware\BackendApi\node_modules\router\lib\layer.js:152:17)
    at next (C:\RestPointSoftware\BackendApi\node_modules\router\lib\route.js:157:13)
    at Route.dispatch (C:\RestPointSoftware\BackendApi\node_modules\router\lib\route.js:117:3)
    at handle (C:\RestPointSoftware\BackendApi\node_modules\router\index.js:435:11)
    at Layer.handleRequest (C:\RestPointSoftware\BackendApi\node_modules\router\lib\layer.js:152:17)
    at C:\RestPointSoftware\BackendApi\node_modules\router\index.js:295:15
    at processParams (C:\RestPointSoftware\BackendApi\node_modules\router\index.js:582:12)
    at next (C:\RestPointSoftware\BackendApi\node_modules\router\index.js:291:5)
    at Function.handle (C:\RestPointSoftware\BackendApi\node_modules\router\index.js:186:3)
    at router (C:\RestPointSoftware\BackendApi\node_modules\router\index.js:60:12)
    at Layer.handleRequest (C:\RestPointSoftware\BackendApi\node_modules\router\lib\layer.js:152:17)
    at trimPrefix (C:\RestPointSoftware\BackendApi\node_modules\router\index.js:342:13)
[2025-10-04T09:26:10.820Z] Error: Unknown column 'k.kin_name' in 'SELECT'
    at PromisePool.execute (C:\RestPointSoftware\BackendApi\node_modules\mysql2\lib\promise\pool.js:54:22)
    at safeQuery (C:\RestPointSoftware\BackendApi\configurations\sqlConfig\db.js:26:31)
    at C:\RestPointSoftware\BackendApi\controllers\deceasedControllers\deceasedControl.js:110:24
    at asyncUtilWrap (C:\RestPointSoftware\BackendApi\node_modules\express-async-handler\index.js:3:20)
    at Layer.handleRequest (C:\RestPointSoftware\BackendApi\node_modules\router\lib\layer.js:152:17)
    at next (C:\RestPointSoftware\BackendApi\node_modules\router\lib\route.js:157:13)
    at Route.dispatch (C:\RestPointSoftware\BackendApi\node_modules\router\lib\route.js:117:3)
    at handle (C:\RestPointSoftware\BackendApi\node_modules\router\index.js:435:11)
    at Layer.handleRequest (C:\RestPointSoftware\BackendApi\node_modules\router\lib\layer.js:152:17)
    at C:\RestPointSoftware\BackendApi\node_modules\router\index.js:295:15
    at processParams (C:\RestPointSoftware\BackendApi\node_modules\router\index.js:582:12)
    at next (C:\RestPointSoftware\BackendApi\node_modules\router\index.js:291:5)
    at Function.handle (C:\RestPointSoftware\BackendApi\node_modules\router\index.js:186:3)
    at router (C:\RestPointSoftware\BackendApi\node_modules\router\index.js:60:12)
    at Layer.handleRequest (C:\RestPointSoftware\BackendApi\node_modules\router\lib\layer.js:152:17)
    at trimPrefix (C:\RestPointSoftware\BackendApi\node_modules\router\index.js:342:13)
[2025-10-04T09:26:10.857Z] Error: Unknown column 'k.kin_name' in 'SELECT'
    at PromisePool.execute (C:\RestPointSoftware\BackendApi\node_modules\mysql2\lib\promise\pool.js:54:22)
    at safeQuery (C:\RestPointSoftware\BackendApi\configurations\sqlConfig\db.js:26:31)
    at C:\RestPointSoftware\BackendApi\controllers\deceasedControllers\deceasedControl.js:110:24
    at asyncUtilWrap (C:\RestPointSoftware\BackendApi\node_modules\express-async-handler\index.js:3:20)
    at Layer.handleRequest (C:\RestPointSoftware\BackendApi\node_modules\router\lib\layer.js:152:17)
    at next (C:\RestPointSoftware\BackendApi\node_modules\router\lib\route.js:157:13)
    at Route.dispatch (C:\RestPointSoftware\BackendApi\node_modules\router\lib\route.js:117:3)
    at handle (C:\RestPointSoftware\BackendApi\node_modules\router\index.js:435:11)
    at Layer.handleRequest (C:\RestPointSoftware\BackendApi\node_modules\router\lib\layer.js:152:17)
    at C:\RestPointSoftware\BackendApi\node_modules\router\index.js:295:15
    at processParams (C:\RestPointSoftware\BackendApi\node_modules\router\index.js:582:12)
    at next (C:\RestPointSoftware\BackendApi\node_modules\router\index.js:291:5)
    at Function.handle (C:\RestPointSoftware\BackendApi\node_modules\router\index.js:186:3)
    at router (C:\RestPointSoftware\BackendApi\node_modules\router\index.js:60:12)
    at Layer.handleRequest (C:\RestPointSoftware\BackendApi\node_modules\router\lib\layer.js:152:17)
    at trimPrefix (C:\RestPointSoftware\BackendApi\node_modules\router\index.js:342:13)
[2025-10-04T09:26:10.871Z] Error: Unknown column 'k.kin_name' in 'SELECT'
    at PromisePool.execute (C:\RestPointSoftware\BackendApi\node_modules\mysql2\lib\promise\pool.js:54:22)
    at safeQuery (C:\RestPointSoftware\BackendApi\configurations\sqlConfig\db.js:26:31)
    at C:\RestPointSoftware\BackendApi\controllers\deceasedControllers\deceasedControl.js:110:24
    at asyncUtilWrap (C:\RestPointSoftware\BackendApi\node_modules\express-async-handler\index.js:3:20)
    at Layer.handleRequest (C:\RestPointSoftware\BackendApi\node_modules\router\lib\layer.js:152:17)
    at next (C:\RestPointSoftware\BackendApi\node_modules\router\lib\route.js:157:13)
    at Route.dispatch (C:\RestPointSoftware\BackendApi\node_modules\router\lib\route.js:117:3)
    at handle (C:\RestPointSoftware\BackendApi\node_modules\router\index.js:435:11)
    at Layer.handleRequest (C:\RestPointSoftware\BackendApi\node_modules\router\lib\layer.js:152:17)
    at C:\RestPointSoftware\BackendApi\node_modules\router\index.js:295:15
    at processParams (C:\RestPointSoftware\BackendApi\node_modules\router\index.js:582:12)
    at next (C:\RestPointSoftware\BackendApi\node_modules\router\index.js:291:5)
    at Function.handle (C:\RestPointSoftware\BackendApi\node_modules\router\index.js:186:3)
    at router (C:\RestPointSoftware\BackendApi\node_modules\router\index.js:60:12)
    at Layer.handleRequest (C:\RestPointSoftware\BackendApi\node_modules\router\lib\layer.js:152:17)
    at trimPrefix (C:\RestPointSoftware\BackendApi\node_modules\router\index.js:342:13)
[2025-10-04T09:26:11.605Z] Error: Unknown column 'k.kin_name' in 'SELECT'
    at PromisePool.execute (C:\RestPointSoftware\BackendApi\node_modules\mysql2\lib\promise\pool.js:54:22)
    at safeQuery (C:\RestPointSoftware\BackendApi\configurations\sqlConfig\db.js:26:31)
    at C:\RestPointSoftware\BackendApi\controllers\deceasedControllers\deceasedControl.js:110:24
    at asyncUtilWrap (C:\RestPointSoftware\BackendApi\node_modules\express-async-handler\index.js:3:20)
    at Layer.handleRequest (C:\RestPointSoftware\BackendApi\node_modules\router\lib\layer.js:152:17)
    at next (C:\RestPointSoftware\BackendApi\node_modules\router\lib\route.js:157:13)
    at Route.dispatch (C:\RestPointSoftware\BackendApi\node_modules\router\lib\route.js:117:3)
    at handle (C:\RestPointSoftware\BackendApi\node_modules\router\index.js:435:11)
    at Layer.handleRequest (C:\RestPointSoftware\BackendApi\node_modules\router\lib\layer.js:152:17)
    at C:\RestPointSoftware\BackendApi\node_modules\router\index.js:295:15
    at processParams (C:\RestPointSoftware\BackendApi\node_modules\router\index.js:582:12)
    at next (C:\RestPointSoftware\BackendApi\node_modules\router\index.js:291:5)
    at Function.handle (C:\RestPointSoftware\BackendApi\node_modules\router\index.js:186:3)
    at router (C:\RestPointSoftware\BackendApi\node_modules\router\index.js:60:12)
    at Layer.handleRequest (C:\RestPointSoftware\BackendApi\node_modules\router\lib\layer.js:152:17)
    at trimPrefix (C:\RestPointSoftware\BackendApi\node_modules\router\index.js:342:13)
[2025-10-04T09:26:11.667Z] Error: Unknown column 'k.kin_name' in 'SELECT'
    at PromisePool.execute (C:\RestPointSoftware\BackendApi\node_modules\mysql2\lib\promise\pool.js:54:22)
    at safeQuery (C:\RestPointSoftware\BackendApi\configurations\sqlConfig\db.js:26:31)
    at C:\RestPointSoftware\BackendApi\controllers\deceasedControllers\deceasedControl.js:110:24
    at asyncUtilWrap (C:\RestPointSoftware\BackendApi\node_modules\express-async-handler\index.js:3:20)
    at Layer.handleRequest (C:\RestPointSoftware\BackendApi\node_modules\router\lib\layer.js:152:17)
    at next (C:\RestPointSoftware\BackendApi\node_modules\router\lib\route.js:157:13)
    at Route.dispatch (C:\RestPointSoftware\BackendApi\node_modules\router\lib\route.js:117:3)
    at handle (C:\RestPointSoftware\BackendApi\node_modules\router\index.js:435:11)
    at Layer.handleRequest (C:\RestPointSoftware\BackendApi\node_modules\router\lib\layer.js:152:17)
    at C:\RestPointSoftware\BackendApi\node_modules\router\index.js:295:15
    at processParams (C:\RestPointSoftware\BackendApi\node_modules\router\index.js:582:12)
    at next (C:\RestPointSoftware\BackendApi\node_modules\router\index.js:291:5)
    at Function.handle (C:\RestPointSoftware\BackendApi\node_modules\router\index.js:186:3)
    at router (C:\RestPointSoftware\BackendApi\node_modules\router\index.js:60:12)
    at Layer.handleRequest (C:\RestPointSoftware\BackendApi\node_modules\router\lib\layer.js:152:17)
    at trimPrefix (C:\RestPointSoftware\BackendApi\node_modules\router\index.js:342:13)
[2025-10-04T09:26:11.754Z] Error: Unknown column 'k.kin_name' in 'SELECT'
    at PromisePool.execute (C:\RestPointSoftware\BackendApi\node_modules\mysql2\lib\promise\pool.js:54:22)
    at safeQuery (C:\RestPointSoftware\BackendApi\configurations\sqlConfig\db.js:26:31)
    at C:\RestPointSoftware\BackendApi\controllers\deceasedControllers\deceasedControl.js:110:24
    at asyncUtilWrap (C:\RestPointSoftware\BackendApi\node_modules\express-async-handler\index.js:3:20)
    at Layer.handleRequest (C:\RestPointSoftware\BackendApi\node_modules\router\lib\layer.js:152:17)
    at next (C:\RestPointSoftware\BackendApi\node_modules\router\lib\route.js:157:13)
    at Route.dispatch (C:\RestPointSoftware\BackendApi\node_modules\router\lib\route.js:117:3)
    at handle (C:\RestPointSoftware\BackendApi\node_modules\router\index.js:435:11)
    at Layer.handleRequest (C:\RestPointSoftware\BackendApi\node_modules\router\lib\layer.js:152:17)
    at C:\RestPointSoftware\BackendApi\node_modules\router\index.js:295:15
    at processParams (C:\RestPointSoftware\BackendApi\node_modules\router\index.js:582:12)
    at next (C:\RestPointSoftware\BackendApi\node_modules\router\index.js:291:5)
    at Function.handle (C:\RestPointSoftware\BackendApi\node_modules\router\index.js:186:3)
    at router (C:\RestPointSoftware\BackendApi\node_modules\router\index.js:60:12)
    at Layer.handleRequest (C:\RestPointSoftware\BackendApi\node_modules\router\lib\layer.js:152:17)
    at trimPrefix (C:\RestPointSoftware\BackendApi\node_modules\router\index.js:342:13)
[2025-10-04T09:26:11.789Z] Error: Unknown column 'k.kin_name' in 'SELECT'
    at PromisePool.execute (C:\RestPointSoftware\BackendApi\node_modules\mysql2\lib\promise\pool.js:54:22)
    at safeQuery (C:\RestPointSoftware\BackendApi\configurations\sqlConfig\db.js:26:31)
    at C:\RestPointSoftware\BackendApi\controllers\deceasedControllers\deceasedControl.js:110:24
    at asyncUtilWrap (C:\RestPointSoftware\BackendApi\node_modules\express-async-handler\index.js:3:20)
    at Layer.handleRequest (C:\RestPointSoftware\BackendApi\node_modules\router\lib\layer.js:152:17)
    at next (C:\RestPointSoftware\BackendApi\node_modules\router\lib\route.js:157:13)
    at Route.dispatch (C:\RestPointSoftware\BackendApi\node_modules\router\lib\route.js:117:3)
    at handle (C:\RestPointSoftware\BackendApi\node_modules\router\index.js:435:11)
    at Layer.handleRequest (C:\RestPointSoftware\BackendApi\node_modules\router\lib\layer.js:152:17)
    at C:\RestPointSoftware\BackendApi\node_modules\router\index.js:295:15
    at processParams (C:\RestPointSoftware\BackendApi\node_modules\router\index.js:582:12)
    at next (C:\RestPointSoftware\BackendApi\node_modules\router\index.js:291:5)
    at Function.handle (C:\RestPointSoftware\BackendApi\node_modules\router\index.js:186:3)
    at router (C:\RestPointSoftware\BackendApi\node_modules\router\index.js:60:12)
    at Layer.handleRequest (C:\RestPointSoftware\BackendApi\node_modules\router\lib\layer.js:152:17)
    at trimPrefix (C:\RestPointSoftware\BackendApi\node_modules\router\index.js:342:13)
[2025-10-04T09:26:12.992Z] Error: Unknown column 'k.kin_name' in 'SELECT'
    at PromisePool.execute (C:\RestPointSoftware\BackendApi\node_modules\mysql2\lib\promise\pool.js:54:22)
    at safeQuery (C:\RestPointSoftware\BackendApi\configurations\sqlConfig\db.js:26:31)
    at C:\RestPointSoftware\BackendApi\controllers\deceasedControllers\deceasedControl.js:110:24
    at asyncUtilWrap (C:\RestPointSoftware\BackendApi\node_modules\express-async-handler\index.js:3:20)
    at Layer.handleRequest (C:\RestPointSoftware\BackendApi\node_modules\router\lib\layer.js:152:17)
    at next (C:\RestPointSoftware\BackendApi\node_modules\router\lib\route.js:157:13)
    at Route.dispatch (C:\RestPointSoftware\BackendApi\node_modules\router\lib\route.js:117:3)
    at handle (C:\RestPointSoftware\BackendApi\node_modules\router\index.js:435:11)
    at Layer.handleRequest (C:\RestPointSoftware\BackendApi\node_modules\router\lib\layer.js:152:17)
    at C:\RestPointSoftware\BackendApi\node_modules\router\index.js:295:15
    at processParams (C:\RestPointSoftware\BackendApi\node_modules\router\index.js:582:12)
    at next (C:\RestPointSoftware\BackendApi\node_modules\router\index.js:291:5)
    at Function.handle (C:\RestPointSoftware\BackendApi\node_modules\router\index.js:186:3)
    at router (C:\RestPointSoftware\BackendApi\node_modules\router\index.js:60:12)
    at Layer.handleRequest (C:\RestPointSoftware\BackendApi\node_modules\router\lib\layer.js:152:17)
    at trimPrefix (C:\RestPointSoftware\BackendApi\node_modules\router\index.js:342:13)
[2025-10-04T09:26:13.006Z] Error: Unknown column 'k.kin_name' in 'SELECT'
    at PromisePool.execute (C:\RestPointSoftware\BackendApi\node_modules\mysql2\lib\promise\pool.js:54:22)
    at safeQuery (C:\RestPointSoftware\BackendApi\configurations\sqlConfig\db.js:26:31)
    at C:\RestPointSoftware\BackendApi\controllers\deceasedControllers\deceasedControl.js:110:24
    at asyncUtilWrap (C:\RestPointSoftware\BackendApi\node_modules\express-async-handler\index.js:3:20)
    at Layer.handleRequest (C:\RestPointSoftware\BackendApi\node_modules\router\lib\layer.js:152:17)
    at next (C:\RestPointSoftware\BackendApi\node_modules\router\lib\route.js:157:13)
    at Route.dispatch (C:\RestPointSoftware\BackendApi\node_modules\router\lib\route.js:117:3)
    at handle (C:\RestPointSoftware\BackendApi\node_modules\router\index.js:435:11)
    at Layer.handleRequest (C:\RestPointSoftware\BackendApi\node_modules\router\lib\layer.js:152:17)
    at C:\RestPointSoftware\BackendApi\node_modules\router\index.js:295:15
    at processParams (C:\RestPointSoftware\BackendApi\node_modules\router\index.js:582:12)
    at next (C:\RestPointSoftware\BackendApi\node_modules\router\index.js:291:5)
    at Function.handle (C:\RestPointSoftware\BackendApi\node_modules\router\index.js:186:3)
    at router (C:\RestPointSoftware\BackendApi\node_modules\router\index.js:60:12)
    at Layer.handleRequest (C:\RestPointSoftware\BackendApi\node_modules\router\lib\layer.js:152:17)
    at trimPrefix (C:\RestPointSoftware\BackendApi\node_modules\router\index.js:342:13)
[2025-10-04T09:26:13.034Z] Error: Unknown column 'k.kin_name' in 'SELECT'
    at PromisePool.execute (C:\RestPointSoftware\BackendApi\node_modules\mysql2\lib\promise\pool.js:54:22)
    at safeQuery (C:\RestPointSoftware\BackendApi\configurations\sqlConfig\db.js:26:31)
    at C:\RestPointSoftware\BackendApi\controllers\deceasedControllers\deceasedControl.js:110:24
    at asyncUtilWrap (C:\RestPointSoftware\BackendApi\node_modules\express-async-handler\index.js:3:20)
    at Layer.handleRequest (C:\RestPointSoftware\BackendApi\node_modules\router\lib\layer.js:152:17)
    at next (C:\RestPointSoftware\BackendApi\node_modules\router\lib\route.js:157:13)
    at Route.dispatch (C:\RestPointSoftware\BackendApi\node_modules\router\lib\route.js:117:3)
    at handle (C:\RestPointSoftware\BackendApi\node_modules\router\index.js:435:11)
    at Layer.handleRequest (C:\RestPointSoftware\BackendApi\node_modules\router\lib\layer.js:152:17)
    at C:\RestPointSoftware\BackendApi\node_modules\router\index.js:295:15
    at processParams (C:\RestPointSoftware\BackendApi\node_modules\router\index.js:582:12)
    at next (C:\RestPointSoftware\BackendApi\node_modules\router\index.js:291:5)
    at Function.handle (C:\RestPointSoftware\BackendApi\node_modules\router\index.js:186:3)
    at router (C:\RestPointSoftware\BackendApi\node_modules\router\index.js:60:12)
    at Layer.handleRequest (C:\RestPointSoftware\BackendApi\node_modules\router\lib\layer.js:152:17)
    at trimPrefix (C:\RestPointSoftware\BackendApi\node_modules\router\index.js:342:13)
[2025-10-04T09:26:13.048Z] Error: Unknown column 'k.kin_name' in 'SELECT'
    at PromisePool.execute (C:\RestPointSoftware\BackendApi\node_modules\mysql2\lib\promise\pool.js:54:22)
    at safeQuery (C:\RestPointSoftware\BackendApi\configurations\sqlConfig\db.js:26:31)
    at C:\RestPointSoftware\BackendApi\controllers\deceasedControllers\deceasedControl.js:110:24
    at asyncUtilWrap (C:\RestPointSoftware\BackendApi\node_modules\express-async-handler\index.js:3:20)
    at Layer.handleRequest (C:\RestPointSoftware\BackendApi\node_modules\router\lib\layer.js:152:17)
    at next (C:\RestPointSoftware\BackendApi\node_modules\router\lib\route.js:157:13)
    at Route.dispatch (C:\RestPointSoftware\BackendApi\node_modules\router\lib\route.js:117:3)
    at handle (C:\RestPointSoftware\BackendApi\node_modules\router\index.js:435:11)
    at Layer.handleRequest (C:\RestPointSoftware\BackendApi\node_modules\router\lib\layer.js:152:17)
    at C:\RestPointSoftware\BackendApi\node_modules\router\index.js:295:15
    at processParams (C:\RestPointSoftware\BackendApi\node_modules\router\index.js:582:12)
    at next (C:\RestPointSoftware\BackendApi\node_modules\router\index.js:291:5)
    at Function.handle (C:\RestPointSoftware\BackendApi\node_modules\router\index.js:186:3)
    at router (C:\RestPointSoftware\BackendApi\node_modules\router\index.js:60:12)
    at Layer.handleRequest (C:\RestPointSoftware\BackendApi\node_modules\router\lib\layer.js:152:17)
    at trimPrefix (C:\RestPointSoftware\BackendApi\node_modules\router\index.js:342:13)
[2025-10-04T10:46:02.451Z] Error: Bind parameters must not contain undefined. To pass SQL NULL specify JS null
    at PromisePool.execute (C:\RestPointSoftware\BackendApi\node_modules\mysql2\lib\promise\pool.js:54:22)
    at safeQuery (C:\RestPointSoftware\BackendApi\configurations\sqlConfig\db.js:26:31)
    at C:\RestPointSoftware\BackendApi\controllers\deceasedControllers\deceasedControl.js:58:11
    at asyncUtilWrap (C:\RestPointSoftware\BackendApi\node_modules\express-async-handler\index.js:3:20)
    at Layer.handleRequest (C:\RestPointSoftware\BackendApi\node_modules\router\lib\layer.js:152:17)
    at next (C:\RestPointSoftware\BackendApi\node_modules\router\lib\route.js:157:13)
    at Route.dispatch (C:\RestPointSoftware\BackendApi\node_modules\router\lib\route.js:117:3)
    at handle (C:\RestPointSoftware\BackendApi\node_modules\router\index.js:435:11)
    at Layer.handleRequest (C:\RestPointSoftware\BackendApi\node_modules\router\lib\layer.js:152:17)
    at C:\RestPointSoftware\BackendApi\node_modules\router\index.js:295:15
    at processParams (C:\RestPointSoftware\BackendApi\node_modules\router\index.js:582:12)
    at next (C:\RestPointSoftware\BackendApi\node_modules\router\index.js:291:5)
    at Function.handle (C:\RestPointSoftware\BackendApi\node_modules\router\index.js:186:3)
    at router (C:\RestPointSoftware\BackendApi\node_modules\router\index.js:60:12)
    at Layer.handleRequest (C:\RestPointSoftware\BackendApi\node_modules\router\lib\layer.js:152:17)
    at trimPrefix (C:\RestPointSoftware\BackendApi\node_modules\router\index.js:342:13)
[2025-10-04T10:46:04.045Z] Error: Bind parameters must not contain undefined. To pass SQL NULL specify JS null
    at PromisePool.execute (C:\RestPointSoftware\BackendApi\node_modules\mysql2\lib\promise\pool.js:54:22)
    at safeQuery (C:\RestPointSoftware\BackendApi\configurations\sqlConfig\db.js:26:31)
    at C:\RestPointSoftware\BackendApi\controllers\deceasedControllers\deceasedControl.js:58:11
    at asyncUtilWrap (C:\RestPointSoftware\BackendApi\node_modules\express-async-handler\index.js:3:20)
    at Layer.handleRequest (C:\RestPointSoftware\BackendApi\node_modules\router\lib\layer.js:152:17)
    at next (C:\RestPointSoftware\BackendApi\node_modules\router\lib\route.js:157:13)
    at Route.dispatch (C:\RestPointSoftware\BackendApi\node_modules\router\lib\route.js:117:3)
    at handle (C:\RestPointSoftware\BackendApi\node_modules\router\index.js:435:11)
    at Layer.handleRequest (C:\RestPointSoftware\BackendApi\node_modules\router\lib\layer.js:152:17)
    at C:\RestPointSoftware\BackendApi\node_modules\router\index.js:295:15
    at processParams (C:\RestPointSoftware\BackendApi\node_modules\router\index.js:582:12)
    at next (C:\RestPointSoftware\BackendApi\node_modules\router\index.js:291:5)
    at Function.handle (C:\RestPointSoftware\BackendApi\node_modules\router\index.js:186:3)
    at router (C:\RestPointSoftware\BackendApi\node_modules\router\index.js:60:12)
    at Layer.handleRequest (C:\RestPointSoftware\BackendApi\node_modules\router\lib\layer.js:152:17)
    at trimPrefix (C:\RestPointSoftware\BackendApi\node_modules\router\index.js:342:13)
[2025-10-04T10:46:13.778Z] Error: Bind parameters must not contain undefined. To pass SQL NULL specify JS null
    at PromisePool.execute (C:\RestPointSoftware\BackendApi\node_modules\mysql2\lib\promise\pool.js:54:22)
    at safeQuery (C:\RestPointSoftware\BackendApi\configurations\sqlConfig\db.js:26:31)
    at C:\RestPointSoftware\BackendApi\controllers\deceasedControllers\deceasedControl.js:58:11
    at asyncUtilWrap (C:\RestPointSoftware\BackendApi\node_modules\express-async-handler\index.js:3:20)
    at Layer.handleRequest (C:\RestPointSoftware\BackendApi\node_modules\router\lib\layer.js:152:17)
    at next (C:\RestPointSoftware\BackendApi\node_modules\router\lib\route.js:157:13)
    at Route.dispatch (C:\RestPointSoftware\BackendApi\node_modules\router\lib\route.js:117:3)
    at handle (C:\RestPointSoftware\BackendApi\node_modules\router\index.js:435:11)
    at Layer.handleRequest (C:\RestPointSoftware\BackendApi\node_modules\router\lib\layer.js:152:17)
    at C:\RestPointSoftware\BackendApi\node_modules\router\index.js:295:15
    at processParams (C:\RestPointSoftware\BackendApi\node_modules\router\index.js:582:12)
    at next (C:\RestPointSoftware\BackendApi\node_modules\router\index.js:291:5)
    at Function.handle (C:\RestPointSoftware\BackendApi\node_modules\router\index.js:186:3)
    at router (C:\RestPointSoftware\BackendApi\node_modules\router\index.js:60:12)
    at Layer.handleRequest (C:\RestPointSoftware\BackendApi\node_modules\router\lib\layer.js:152:17)
    at trimPrefix (C:\RestPointSoftware\BackendApi\node_modules\router\index.js:342:13)
[2025-10-04T10:46:15.449Z] Error: Bind parameters must not contain undefined. To pass SQL NULL specify JS null
    at PromisePool.execute (C:\RestPointSoftware\BackendApi\node_modules\mysql2\lib\promise\pool.js:54:22)
    at safeQuery (C:\RestPointSoftware\BackendApi\configurations\sqlConfig\db.js:26:31)
    at C:\RestPointSoftware\BackendApi\controllers\deceasedControllers\deceasedControl.js:58:11
    at asyncUtilWrap (C:\RestPointSoftware\BackendApi\node_modules\express-async-handler\index.js:3:20)
    at Layer.handleRequest (C:\RestPointSoftware\BackendApi\node_modules\router\lib\layer.js:152:17)
    at next (C:\RestPointSoftware\BackendApi\node_modules\router\lib\route.js:157:13)
    at Route.dispatch (C:\RestPointSoftware\BackendApi\node_modules\router\lib\route.js:117:3)
    at handle (C:\RestPointSoftware\BackendApi\node_modules\router\index.js:435:11)
    at Layer.handleRequest (C:\RestPointSoftware\BackendApi\node_modules\router\lib\layer.js:152:17)
    at C:\RestPointSoftware\BackendApi\node_modules\router\index.js:295:15
    at processParams (C:\RestPointSoftware\BackendApi\node_modules\router\index.js:582:12)
    at next (C:\RestPointSoftware\BackendApi\node_modules\router\index.js:291:5)
    at Function.handle (C:\RestPointSoftware\BackendApi\node_modules\router\index.js:186:3)
    at router (C:\RestPointSoftware\BackendApi\node_modules\router\index.js:60:12)
    at Layer.handleRequest (C:\RestPointSoftware\BackendApi\node_modules\router\lib\layer.js:152:17)
    at trimPrefix (C:\RestPointSoftware\BackendApi\node_modules\router\index.js:342:13)
[2025-10-04T10:46:16.774Z] Error: Bind parameters must not contain undefined. To pass SQL NULL specify JS null
    at PromisePool.execute (C:\RestPointSoftware\BackendApi\node_modules\mysql2\lib\promise\pool.js:54:22)
    at safeQuery (C:\RestPointSoftware\BackendApi\configurations\sqlConfig\db.js:26:31)
    at C:\RestPointSoftware\BackendApi\controllers\deceasedControllers\deceasedControl.js:58:11
    at asyncUtilWrap (C:\RestPointSoftware\BackendApi\node_modules\express-async-handler\index.js:3:20)
    at Layer.handleRequest (C:\RestPointSoftware\BackendApi\node_modules\router\lib\layer.js:152:17)
    at next (C:\RestPointSoftware\BackendApi\node_modules\router\lib\route.js:157:13)
    at Route.dispatch (C:\RestPointSoftware\BackendApi\node_modules\router\lib\route.js:117:3)
    at handle (C:\RestPointSoftware\BackendApi\node_modules\router\index.js:435:11)
    at Layer.handleRequest (C:\RestPointSoftware\BackendApi\node_modules\router\lib\layer.js:152:17)
    at C:\RestPointSoftware\BackendApi\node_modules\router\index.js:295:15
    at processParams (C:\RestPointSoftware\BackendApi\node_modules\router\index.js:582:12)
    at next (C:\RestPointSoftware\BackendApi\node_modules\router\index.js:291:5)
    at Function.handle (C:\RestPointSoftware\BackendApi\node_modules\router\index.js:186:3)
    at router (C:\RestPointSoftware\BackendApi\node_modules\router\index.js:60:12)
    at Layer.handleRequest (C:\RestPointSoftware\BackendApi\node_modules\router\lib\layer.js:152:17)
    at trimPrefix (C:\RestPointSoftware\BackendApi\node_modules\router\index.js:342:13)
[2025-10-04T10:46:18.110Z] Error: Bind parameters must not contain undefined. To pass SQL NULL specify JS null
    at PromisePool.execute (C:\RestPointSoftware\BackendApi\node_modules\mysql2\lib\promise\pool.js:54:22)
    at safeQuery (C:\RestPointSoftware\BackendApi\configurations\sqlConfig\db.js:26:31)
    at C:\RestPointSoftware\BackendApi\controllers\deceasedControllers\deceasedControl.js:58:11
    at asyncUtilWrap (C:\RestPointSoftware\BackendApi\node_modules\express-async-handler\index.js:3:20)
    at Layer.handleRequest (C:\RestPointSoftware\BackendApi\node_modules\router\lib\layer.js:152:17)
    at next (C:\RestPointSoftware\BackendApi\node_modules\router\lib\route.js:157:13)
    at Route.dispatch (C:\RestPointSoftware\BackendApi\node_modules\router\lib\route.js:117:3)
    at handle (C:\RestPointSoftware\BackendApi\node_modules\router\index.js:435:11)
    at Layer.handleRequest (C:\RestPointSoftware\BackendApi\node_modules\router\lib\layer.js:152:17)
    at C:\RestPointSoftware\BackendApi\node_modules\router\index.js:295:15
    at processParams (C:\RestPointSoftware\BackendApi\node_modules\router\index.js:582:12)
    at next (C:\RestPointSoftware\BackendApi\node_modules\router\index.js:291:5)
    at Function.handle (C:\RestPointSoftware\BackendApi\node_modules\router\index.js:186:3)
    at router (C:\RestPointSoftware\BackendApi\node_modules\router\index.js:60:12)
    at Layer.handleRequest (C:\RestPointSoftware\BackendApi\node_modules\router\lib\layer.js:152:17)
    at trimPrefix (C:\RestPointSoftware\BackendApi\node_modules\router\index.js:342:13)
[2025-10-06T11:25:56.157Z] Error: Bind parameters must not contain undefined. To pass SQL NULL specify JS null
    at PromisePool.execute (D:\RestPointSoftware\BackendApi\node_modules\mysql2\lib\promise\pool.js:54:22)
    at safeQuery (D:\RestPointSoftware\BackendApi\configurations\sqlConfig\db.js:26:31)
    at D:\RestPointSoftware\BackendApi\controllers\deceasedControllers\deceasedControl.js:58:11
    at asyncUtilWrap (D:\RestPointSoftware\BackendApi\node_modules\express-async-handler\index.js:3:20)
    at Layer.handleRequest (D:\RestPointSoftware\BackendApi\node_modules\router\lib\layer.js:152:17)
    at next (D:\RestPointSoftware\BackendApi\node_modules\router\lib\route.js:157:13)
    at Route.dispatch (D:\RestPointSoftware\BackendApi\node_modules\router\lib\route.js:117:3)
    at handle (D:\RestPointSoftware\BackendApi\node_modules\router\index.js:435:11)
    at Layer.handleRequest (D:\RestPointSoftware\BackendApi\node_modules\router\lib\layer.js:152:17)
    at D:\RestPointSoftware\BackendApi\node_modules\router\index.js:295:15
    at processParams (D:\RestPointSoftware\BackendApi\node_modules\router\index.js:582:12)
    at next (D:\RestPointSoftware\BackendApi\node_modules\router\index.js:291:5)
    at Function.handle (D:\RestPointSoftware\BackendApi\node_modules\router\index.js:186:3)
    at router (D:\RestPointSoftware\BackendApi\node_modules\router\index.js:60:12)
    at Layer.handleRequest (D:\RestPointSoftware\BackendApi\node_modules\router\lib\layer.js:152:17)
    at trimPrefix (D:\RestPointSoftware\BackendApi\node_modules\router\index.js:342:13)
[2025-10-06T13:11:40.007Z] Error: Table 'restpointdatbase.staff' doesn't exist
    at PromisePool.execute (D:\RestPointSoftware\BackendApi\node_modules\mysql2\lib\promise\pool.js:54:22)
    at safeQuery (D:\RestPointSoftware\BackendApi\configurations\sqlConfig\db.js:26:31)
    at D:\RestPointSoftware\BackendApi\controllers\deceasedControllers\deceasedControl.js:185:32
    at asyncUtilWrap (D:\RestPointSoftware\BackendApi\node_modules\express-async-handler\index.js:3:20)
    at Layer.handleRequest (D:\RestPointSoftware\BackendApi\node_modules\router\lib\layer.js:152:17)
    at next (D:\RestPointSoftware\BackendApi\node_modules\router\lib\route.js:157:13)
    at Route.dispatch (D:\RestPointSoftware\BackendApi\node_modules\router\lib\route.js:117:3)
    at handle (D:\RestPointSoftware\BackendApi\node_modules\router\index.js:435:11)
    at Layer.handleRequest (D:\RestPointSoftware\BackendApi\node_modules\router\lib\layer.js:152:17)
    at D:\RestPointSoftware\BackendApi\node_modules\router\index.js:295:15
    at processParams (D:\RestPointSoftware\BackendApi\node_modules\router\index.js:582:12)
    at next (D:\RestPointSoftware\BackendApi\node_modules\router\index.js:291:5)
    at Function.handle (D:\RestPointSoftware\BackendApi\node_modules\router\index.js:186:3)
    at router (D:\RestPointSoftware\BackendApi\node_modules\router\index.js:60:12)
    at Layer.handleRequest (D:\RestPointSoftware\BackendApi\node_modules\router\lib\layer.js:152:17)
    at trimPrefix (D:\RestPointSoftware\BackendApi\node_modules\router\index.js:342:13)
[2025-10-06T13:11:40.046Z] Error: Table 'restpointdatbase.staff' doesn't exist
    at PromisePool.execute (D:\RestPointSoftware\BackendApi\node_modules\mysql2\lib\promise\pool.js:54:22)
    at safeQuery (D:\RestPointSoftware\BackendApi\configurations\sqlConfig\db.js:26:31)
    at D:\RestPointSoftware\BackendApi\controllers\deceasedControllers\deceasedControl.js:185:32
    at asyncUtilWrap (D:\RestPointSoftware\BackendApi\node_modules\express-async-handler\index.js:3:20)
    at Layer.handleRequest (D:\RestPointSoftware\BackendApi\node_modules\router\lib\layer.js:152:17)
    at next (D:\RestPointSoftware\BackendApi\node_modules\router\lib\route.js:157:13)
    at Route.dispatch (D:\RestPointSoftware\BackendApi\node_modules\router\lib\route.js:117:3)
    at handle (D:\RestPointSoftware\BackendApi\node_modules\router\index.js:435:11)
    at Layer.handleRequest (D:\RestPointSoftware\BackendApi\node_modules\router\lib\layer.js:152:17)
    at D:\RestPointSoftware\BackendApi\node_modules\router\index.js:295:15
    at processParams (D:\RestPointSoftware\BackendApi\node_modules\router\index.js:582:12)
    at next (D:\RestPointSoftware\BackendApi\node_modules\router\index.js:291:5)
    at Function.handle (D:\RestPointSoftware\BackendApi\node_modules\router\index.js:186:3)
    at router (D:\RestPointSoftware\BackendApi\node_modules\router\index.js:60:12)
    at Layer.handleRequest (D:\RestPointSoftware\BackendApi\node_modules\router\lib\layer.js:152:17)
    at trimPrefix (D:\RestPointSoftware\BackendApi\node_modules\router\index.js:342:13)
[2025-10-06T13:21:51.327Z] Error: Table 'restpointdatbase.staff' doesn't exist
    at PromisePool.execute (D:\RestPointSoftware\BackendApi\node_modules\mysql2\lib\promise\pool.js:54:22)
    at safeQuery (D:\RestPointSoftware\BackendApi\configurations\sqlConfig\db.js:26:31)
    at D:\RestPointSoftware\BackendApi\controllers\deceasedControllers\deceasedControl.js:185:32
    at asyncUtilWrap (D:\RestPointSoftware\BackendApi\node_modules\express-async-handler\index.js:3:20)
    at Layer.handleRequest (D:\RestPointSoftware\BackendApi\node_modules\router\lib\layer.js:152:17)
    at next (D:\RestPointSoftware\BackendApi\node_modules\router\lib\route.js:157:13)
    at Route.dispatch (D:\RestPointSoftware\BackendApi\node_modules\router\lib\route.js:117:3)
    at handle (D:\RestPointSoftware\BackendApi\node_modules\router\index.js:435:11)
    at Layer.handleRequest (D:\RestPointSoftware\BackendApi\node_modules\router\lib\layer.js:152:17)
    at D:\RestPointSoftware\BackendApi\node_modules\router\index.js:295:15
    at processParams (D:\RestPointSoftware\BackendApi\node_modules\router\index.js:582:12)
    at next (D:\RestPointSoftware\BackendApi\node_modules\router\index.js:291:5)
    at Function.handle (D:\RestPointSoftware\BackendApi\node_modules\router\index.js:186:3)
    at router (D:\RestPointSoftware\BackendApi\node_modules\router\index.js:60:12)
    at Layer.handleRequest (D:\RestPointSoftware\BackendApi\node_modules\router\lib\layer.js:152:17)
    at trimPrefix (D:\RestPointSoftware\BackendApi\node_modules\router\index.js:342:13)
[2025-10-06T13:21:51.725Z] Error: Table 'restpointdatbase.staff' doesn't exist
    at PromisePool.execute (D:\RestPointSoftware\BackendApi\node_modules\mysql2\lib\promise\pool.js:54:22)
    at safeQuery (D:\RestPointSoftware\BackendApi\configurations\sqlConfig\db.js:26:31)
    at D:\RestPointSoftware\BackendApi\controllers\deceasedControllers\deceasedControl.js:185:32
    at asyncUtilWrap (D:\RestPointSoftware\BackendApi\node_modules\express-async-handler\index.js:3:20)
    at Layer.handleRequest (D:\RestPointSoftware\BackendApi\node_modules\router\lib\layer.js:152:17)
    at next (D:\RestPointSoftware\BackendApi\node_modules\router\lib\route.js:157:13)
    at Route.dispatch (D:\RestPointSoftware\BackendApi\node_modules\router\lib\route.js:117:3)
    at handle (D:\RestPointSoftware\BackendApi\node_modules\router\index.js:435:11)
    at Layer.handleRequest (D:\RestPointSoftware\BackendApi\node_modules\router\lib\layer.js:152:17)
    at D:\RestPointSoftware\BackendApi\node_modules\router\index.js:295:15
    at processParams (D:\RestPointSoftware\BackendApi\node_modules\router\index.js:582:12)
    at next (D:\RestPointSoftware\BackendApi\node_modules\router\index.js:291:5)
    at Function.handle (D:\RestPointSoftware\BackendApi\node_modules\router\index.js:186:3)
    at router (D:\RestPointSoftware\BackendApi\node_modules\router\index.js:60:12)
    at Layer.handleRequest (D:\RestPointSoftware\BackendApi\node_modules\router\lib\layer.js:152:17)
    at trimPrefix (D:\RestPointSoftware\BackendApi\node_modules\router\index.js:342:13)
[2025-10-07T11:37:40.878Z] Error: Table 'restpointdatbase.staff' doesn't exist
    at PromisePool.execute (D:\RestPointSoftware\BackendApi\node_modules\mysql2\lib\promise\pool.js:54:22)
    at safeQuery (D:\RestPointSoftware\BackendApi\configurations\sqlConfig\db.js:26:31)
    at D:\RestPointSoftware\BackendApi\controllers\deceasedControllers\deceasedControl.js:185:32
    at asyncUtilWrap (D:\RestPointSoftware\BackendApi\node_modules\express-async-handler\index.js:3:20)
    at Layer.handleRequest (D:\RestPointSoftware\BackendApi\node_modules\router\lib\layer.js:152:17)
    at next (D:\RestPointSoftware\BackendApi\node_modules\router\lib\route.js:157:13)
    at Route.dispatch (D:\RestPointSoftware\BackendApi\node_modules\router\lib\route.js:117:3)
    at handle (D:\RestPointSoftware\BackendApi\node_modules\router\index.js:435:11)
    at Layer.handleRequest (D:\RestPointSoftware\BackendApi\node_modules\router\lib\layer.js:152:17)
    at D:\RestPointSoftware\BackendApi\node_modules\router\index.js:295:15
    at processParams (D:\RestPointSoftware\BackendApi\node_modules\router\index.js:582:12)
    at next (D:\RestPointSoftware\BackendApi\node_modules\router\index.js:291:5)
    at Function.handle (D:\RestPointSoftware\BackendApi\node_modules\router\index.js:186:3)
    at router (D:\RestPointSoftware\BackendApi\node_modules\router\index.js:60:12)
    at Layer.handleRequest (D:\RestPointSoftware\BackendApi\node_modules\router\lib\layer.js:152:17)
    at trimPrefix (D:\RestPointSoftware\BackendApi\node_modules\router\index.js:342:13)
[2025-10-07T11:37:41.045Z] Error: Table 'restpointdatbase.staff' doesn't exist
    at PromisePool.execute (D:\RestPointSoftware\BackendApi\node_modules\mysql2\lib\promise\pool.js:54:22)
    at safeQuery (D:\RestPointSoftware\BackendApi\configurations\sqlConfig\db.js:26:31)
    at D:\RestPointSoftware\BackendApi\controllers\deceasedControllers\deceasedControl.js:185:32
    at asyncUtilWrap (D:\RestPointSoftware\BackendApi\node_modules\express-async-handler\index.js:3:20)
    at Layer.handleRequest (D:\RestPointSoftware\BackendApi\node_modules\router\lib\layer.js:152:17)
    at next (D:\RestPointSoftware\BackendApi\node_modules\router\lib\route.js:157:13)
    at Route.dispatch (D:\RestPointSoftware\BackendApi\node_modules\router\lib\route.js:117:3)
    at handle (D:\RestPointSoftware\BackendApi\node_modules\router\index.js:435:11)
    at Layer.handleRequest (D:\RestPointSoftware\BackendApi\node_modules\router\lib\layer.js:152:17)
    at D:\RestPointSoftware\BackendApi\node_modules\router\index.js:295:15
    at processParams (D:\RestPointSoftware\BackendApi\node_modules\router\index.js:582:12)
    at next (D:\RestPointSoftware\BackendApi\node_modules\router\index.js:291:5)
    at Function.handle (D:\RestPointSoftware\BackendApi\node_modules\router\index.js:186:3)
    at router (D:\RestPointSoftware\BackendApi\node_modules\router\index.js:60:12)
    at Layer.handleRequest (D:\RestPointSoftware\BackendApi\node_modules\router\lib\layer.js:152:17)
    at trimPrefix (D:\RestPointSoftware\BackendApi\node_modules\router\index.js:342:13)
[2025-10-08T18:20:42.442Z] Error: Unknown column 'u.username' in 'SELECT'
    at PromisePool.execute (C:\RestPointSoftware\BackendApi\node_modules\mysql2\lib\promise\pool.js:54:22)
    at safeQuery (C:\RestPointSoftware\BackendApi\configurations\sqlConfig\db.js:26:31)
    at C:\RestPointSoftware\BackendApi\controllers\deceasedControllers\deceasedControl.js:183:32
    at asyncUtilWrap (C:\RestPointSoftware\BackendApi\node_modules\express-async-handler\index.js:3:20)
    at Layer.handleRequest (C:\RestPointSoftware\BackendApi\node_modules\router\lib\layer.js:152:17)
    at next (C:\RestPointSoftware\BackendApi\node_modules\router\lib\route.js:157:13)
    at Route.dispatch (C:\RestPointSoftware\BackendApi\node_modules\router\lib\route.js:117:3)
    at handle (C:\RestPointSoftware\BackendApi\node_modules\router\index.js:435:11)
    at Layer.handleRequest (C:\RestPointSoftware\BackendApi\node_modules\router\lib\layer.js:152:17)
    at C:\RestPointSoftware\BackendApi\node_modules\router\index.js:295:15
    at processParams (C:\RestPointSoftware\BackendApi\node_modules\router\index.js:582:12)
    at next (C:\RestPointSoftware\BackendApi\node_modules\router\index.js:291:5)
    at Function.handle (C:\RestPointSoftware\BackendApi\node_modules\router\index.js:186:3)
    at router (C:\RestPointSoftware\BackendApi\node_modules\router\index.js:60:12)
    at Layer.handleRequest (C:\RestPointSoftware\BackendApi\node_modules\router\lib\layer.js:152:17)
    at trimPrefix (C:\RestPointSoftware\BackendApi\node_modules\router\index.js:342:13)
[2025-10-08T18:20:42.495Z] Error: Unknown column 'u.username' in 'SELECT'
    at PromisePool.execute (C:\RestPointSoftware\BackendApi\node_modules\mysql2\lib\promise\pool.js:54:22)
    at safeQuery (C:\RestPointSoftware\BackendApi\configurations\sqlConfig\db.js:26:31)
    at C:\RestPointSoftware\BackendApi\controllers\deceasedControllers\deceasedControl.js:183:32
    at asyncUtilWrap (C:\RestPointSoftware\BackendApi\node_modules\express-async-handler\index.js:3:20)
    at Layer.handleRequest (C:\RestPointSoftware\BackendApi\node_modules\router\lib\layer.js:152:17)
    at next (C:\RestPointSoftware\BackendApi\node_modules\router\lib\route.js:157:13)
    at Route.dispatch (C:\RestPointSoftware\BackendApi\node_modules\router\lib\route.js:117:3)
    at handle (C:\RestPointSoftware\BackendApi\node_modules\router\index.js:435:11)
    at Layer.handleRequest (C:\RestPointSoftware\BackendApi\node_modules\router\lib\layer.js:152:17)
    at C:\RestPointSoftware\BackendApi\node_modules\router\index.js:295:15
    at processParams (C:\RestPointSoftware\BackendApi\node_modules\router\index.js:582:12)
    at next (C:\RestPointSoftware\BackendApi\node_modules\router\index.js:291:5)
    at Function.handle (C:\RestPointSoftware\BackendApi\node_modules\router\index.js:186:3)
    at router (C:\RestPointSoftware\BackendApi\node_modules\router\index.js:60:12)
    at Layer.handleRequest (C:\RestPointSoftware\BackendApi\node_modules\router\lib\layer.js:152:17)
    at trimPrefix (C:\RestPointSoftware\BackendApi\node_modules\router\index.js:342:13)
[2025-10-08T18:48:22.077Z] Error: Unknown column 'u.username' in 'SELECT'
    at PromisePool.execute (C:\RestPointSoftware\BackendApi\node_modules\mysql2\lib\promise\pool.js:54:22)
    at safeQuery (C:\RestPointSoftware\BackendApi\configurations\sqlConfig\db.js:26:31)
    at C:\RestPointSoftware\BackendApi\controllers\deceasedControllers\deceasedControl.js:183:32
    at asyncUtilWrap (C:\RestPointSoftware\BackendApi\node_modules\express-async-handler\index.js:3:20)
    at Layer.handleRequest (C:\RestPointSoftware\BackendApi\node_modules\router\lib\layer.js:152:17)
    at next (C:\RestPointSoftware\BackendApi\node_modules\router\lib\route.js:157:13)
    at Route.dispatch (C:\RestPointSoftware\BackendApi\node_modules\router\lib\route.js:117:3)
    at handle (C:\RestPointSoftware\BackendApi\node_modules\router\index.js:435:11)
    at Layer.handleRequest (C:\RestPointSoftware\BackendApi\node_modules\router\lib\layer.js:152:17)
    at C:\RestPointSoftware\BackendApi\node_modules\router\index.js:295:15
    at processParams (C:\RestPointSoftware\BackendApi\node_modules\router\index.js:582:12)
    at next (C:\RestPointSoftware\BackendApi\node_modules\router\index.js:291:5)
    at Function.handle (C:\RestPointSoftware\BackendApi\node_modules\router\index.js:186:3)
    at router (C:\RestPointSoftware\BackendApi\node_modules\router\index.js:60:12)
    at Layer.handleRequest (C:\RestPointSoftware\BackendApi\node_modules\router\lib\layer.js:152:17)
    at trimPrefix (C:\RestPointSoftware\BackendApi\node_modules\router\index.js:342:13)
[2025-10-08T18:48:22.211Z] Error: Unknown column 'u.username' in 'SELECT'
    at PromisePool.execute (C:\RestPointSoftware\BackendApi\node_modules\mysql2\lib\promise\pool.js:54:22)
    at safeQuery (C:\RestPointSoftware\BackendApi\configurations\sqlConfig\db.js:26:31)
    at C:\RestPointSoftware\BackendApi\controllers\deceasedControllers\deceasedControl.js:183:32
    at asyncUtilWrap (C:\RestPointSoftware\BackendApi\node_modules\express-async-handler\index.js:3:20)
    at Layer.handleRequest (C:\RestPointSoftware\BackendApi\node_modules\router\lib\layer.js:152:17)
    at next (C:\RestPointSoftware\BackendApi\node_modules\router\lib\route.js:157:13)
    at Route.dispatch (C:\RestPointSoftware\BackendApi\node_modules\router\lib\route.js:117:3)
    at handle (C:\RestPointSoftware\BackendApi\node_modules\router\index.js:435:11)
    at Layer.handleRequest (C:\RestPointSoftware\BackendApi\node_modules\router\lib\layer.js:152:17)
    at C:\RestPointSoftware\BackendApi\node_modules\router\index.js:295:15
    at processParams (C:\RestPointSoftware\BackendApi\node_modules\router\index.js:582:12)
    at next (C:\RestPointSoftware\BackendApi\node_modules\router\index.js:291:5)
    at Function.handle (C:\RestPointSoftware\BackendApi\node_modules\router\index.js:186:3)
    at router (C:\RestPointSoftware\BackendApi\node_modules\router\index.js:60:12)
    at Layer.handleRequest (C:\RestPointSoftware\BackendApi\node_modules\router\lib\layer.js:152:17)
    at trimPrefix (C:\RestPointSoftware\BackendApi\node_modules\router\index.js:342:13)
[2025-10-08T18:55:27.951Z] Error: Unknown column 'u.username' in 'SELECT'
    at PromisePool.execute (C:\RestPointSoftware\BackendApi\node_modules\mysql2\lib\promise\pool.js:54:22)
    at safeQuery (C:\RestPointSoftware\BackendApi\configurations\sqlConfig\db.js:26:31)
    at C:\RestPointSoftware\BackendApi\controllers\deceasedControllers\deceasedControl.js:183:32
    at asyncUtilWrap (C:\RestPointSoftware\BackendApi\node_modules\express-async-handler\index.js:3:20)
    at Layer.handleRequest (C:\RestPointSoftware\BackendApi\node_modules\router\lib\layer.js:152:17)
    at next (C:\RestPointSoftware\BackendApi\node_modules\router\lib\route.js:157:13)
    at Route.dispatch (C:\RestPointSoftware\BackendApi\node_modules\router\lib\route.js:117:3)
    at handle (C:\RestPointSoftware\BackendApi\node_modules\router\index.js:435:11)
    at Layer.handleRequest (C:\RestPointSoftware\BackendApi\node_modules\router\lib\layer.js:152:17)
    at C:\RestPointSoftware\BackendApi\node_modules\router\index.js:295:15
    at processParams (C:\RestPointSoftware\BackendApi\node_modules\router\index.js:582:12)
    at next (C:\RestPointSoftware\BackendApi\node_modules\router\index.js:291:5)
    at Function.handle (C:\RestPointSoftware\BackendApi\node_modules\router\index.js:186:3)
    at router (C:\RestPointSoftware\BackendApi\node_modules\router\index.js:60:12)
    at Layer.handleRequest (C:\RestPointSoftware\BackendApi\node_modules\router\lib\layer.js:152:17)
    at trimPrefix (C:\RestPointSoftware\BackendApi\node_modules\router\index.js:342:13)
[2025-10-08T18:55:28.009Z] Error: Unknown column 'u.username' in 'SELECT'
    at PromisePool.execute (C:\RestPointSoftware\BackendApi\node_modules\mysql2\lib\promise\pool.js:54:22)
    at safeQuery (C:\RestPointSoftware\BackendApi\configurations\sqlConfig\db.js:26:31)
    at C:\RestPointSoftware\BackendApi\controllers\deceasedControllers\deceasedControl.js:183:32
    at asyncUtilWrap (C:\RestPointSoftware\BackendApi\node_modules\express-async-handler\index.js:3:20)
    at Layer.handleRequest (C:\RestPointSoftware\BackendApi\node_modules\router\lib\layer.js:152:17)
    at next (C:\RestPointSoftware\BackendApi\node_modules\router\lib\route.js:157:13)
    at Route.dispatch (C:\RestPointSoftware\BackendApi\node_modules\router\lib\route.js:117:3)
    at handle (C:\RestPointSoftware\BackendApi\node_modules\router\index.js:435:11)
    at Layer.handleRequest (C:\RestPointSoftware\BackendApi\node_modules\router\lib\layer.js:152:17)
    at C:\RestPointSoftware\BackendApi\node_modules\router\index.js:295:15
    at processParams (C:\RestPointSoftware\BackendApi\node_modules\router\index.js:582:12)
    at next (C:\RestPointSoftware\BackendApi\node_modules\router\index.js:291:5)
    at Function.handle (C:\RestPointSoftware\BackendApi\node_modules\router\index.js:186:3)
    at router (C:\RestPointSoftware\BackendApi\node_modules\router\index.js:60:12)
    at Layer.handleRequest (C:\RestPointSoftware\BackendApi\node_modules\router\lib\layer.js:152:17)
    at trimPrefix (C:\RestPointSoftware\BackendApi\node_modules\router\index.js:342:13)
[2025-10-08T19:07:08.453Z] Error: Unknown column 'u.username' in 'SELECT'
    at PromisePool.execute (C:\RestPointSoftware\BackendApi\node_modules\mysql2\lib\promise\pool.js:54:22)
    at safeQuery (C:\RestPointSoftware\BackendApi\configurations\sqlConfig\db.js:26:31)
    at C:\RestPointSoftware\BackendApi\controllers\deceasedControllers\deceasedControl.js:183:32
    at asyncUtilWrap (C:\RestPointSoftware\BackendApi\node_modules\express-async-handler\index.js:3:20)
    at Layer.handleRequest (C:\RestPointSoftware\BackendApi\node_modules\router\lib\layer.js:152:17)
    at next (C:\RestPointSoftware\BackendApi\node_modules\router\lib\route.js:157:13)
    at Route.dispatch (C:\RestPointSoftware\BackendApi\node_modules\router\lib\route.js:117:3)
    at handle (C:\RestPointSoftware\BackendApi\node_modules\router\index.js:435:11)
    at Layer.handleRequest (C:\RestPointSoftware\BackendApi\node_modules\router\lib\layer.js:152:17)
    at C:\RestPointSoftware\BackendApi\node_modules\router\index.js:295:15
    at processParams (C:\RestPointSoftware\BackendApi\node_modules\router\index.js:582:12)
    at next (C:\RestPointSoftware\BackendApi\node_modules\router\index.js:291:5)
    at Function.handle (C:\RestPointSoftware\BackendApi\node_modules\router\index.js:186:3)
    at router (C:\RestPointSoftware\BackendApi\node_modules\router\index.js:60:12)
    at Layer.handleRequest (C:\RestPointSoftware\BackendApi\node_modules\router\lib\layer.js:152:17)
    at trimPrefix (C:\RestPointSoftware\BackendApi\node_modules\router\index.js:342:13)
[2025-10-08T19:07:08.479Z] Error: Unknown column 'u.username' in 'SELECT'
    at PromisePool.execute (C:\RestPointSoftware\BackendApi\node_modules\mysql2\lib\promise\pool.js:54:22)
    at safeQuery (C:\RestPointSoftware\BackendApi\configurations\sqlConfig\db.js:26:31)
    at C:\RestPointSoftware\BackendApi\controllers\deceasedControllers\deceasedControl.js:183:32
    at asyncUtilWrap (C:\RestPointSoftware\BackendApi\node_modules\express-async-handler\index.js:3:20)
    at Layer.handleRequest (C:\RestPointSoftware\BackendApi\node_modules\router\lib\layer.js:152:17)
    at next (C:\RestPointSoftware\BackendApi\node_modules\router\lib\route.js:157:13)
    at Route.dispatch (C:\RestPointSoftware\BackendApi\node_modules\router\lib\route.js:117:3)
    at handle (C:\RestPointSoftware\BackendApi\node_modules\router\index.js:435:11)
    at Layer.handleRequest (C:\RestPointSoftware\BackendApi\node_modules\router\lib\layer.js:152:17)
    at C:\RestPointSoftware\BackendApi\node_modules\router\index.js:295:15
    at processParams (C:\RestPointSoftware\BackendApi\node_modules\router\index.js:582:12)
    at next (C:\RestPointSoftware\BackendApi\node_modules\router\index.js:291:5)
    at Function.handle (C:\RestPointSoftware\BackendApi\node_modules\router\index.js:186:3)
    at router (C:\RestPointSoftware\BackendApi\node_modules\router\index.js:60:12)
    at Layer.handleRequest (C:\RestPointSoftware\BackendApi\node_modules\router\lib\layer.js:152:17)
    at trimPrefix (C:\RestPointSoftware\BackendApi\node_modules\router\index.js:342:13)
[2025-10-08T19:38:54.697Z] Error: Unknown column 'u.username' in 'SELECT'
    at PromisePool.execute (C:\RestPointSoftware\BackendApi\node_modules\mysql2\lib\promise\pool.js:54:22)
    at safeQuery (C:\RestPointSoftware\BackendApi\configurations\sqlConfig\db.js:26:31)
    at C:\RestPointSoftware\BackendApi\controllers\deceasedControllers\deceasedControl.js:179:32
    at asyncUtilWrap (C:\RestPointSoftware\BackendApi\node_modules\express-async-handler\index.js:3:20)
    at Layer.handleRequest (C:\RestPointSoftware\BackendApi\node_modules\router\lib\layer.js:152:17)
    at next (C:\RestPointSoftware\BackendApi\node_modules\router\lib\route.js:157:13)
    at Route.dispatch (C:\RestPointSoftware\BackendApi\node_modules\router\lib\route.js:117:3)
    at handle (C:\RestPointSoftware\BackendApi\node_modules\router\index.js:435:11)
    at Layer.handleRequest (C:\RestPointSoftware\BackendApi\node_modules\router\lib\layer.js:152:17)
    at C:\RestPointSoftware\BackendApi\node_modules\router\index.js:295:15
    at processParams (C:\RestPointSoftware\BackendApi\node_modules\router\index.js:582:12)
    at next (C:\RestPointSoftware\BackendApi\node_modules\router\index.js:291:5)
    at Function.handle (C:\RestPointSoftware\BackendApi\node_modules\router\index.js:186:3)
    at router (C:\RestPointSoftware\BackendApi\node_modules\router\index.js:60:12)
    at Layer.handleRequest (C:\RestPointSoftware\BackendApi\node_modules\router\lib\layer.js:152:17)
    at trimPrefix (C:\RestPointSoftware\BackendApi\node_modules\router\index.js:342:13)
[2025-10-08T19:38:54.780Z] Error: Unknown column 'u.username' in 'SELECT'
    at PromisePool.execute (C:\RestPointSoftware\BackendApi\node_modules\mysql2\lib\promise\pool.js:54:22)
    at safeQuery (C:\RestPointSoftware\BackendApi\configurations\sqlConfig\db.js:26:31)
    at C:\RestPointSoftware\BackendApi\controllers\deceasedControllers\deceasedControl.js:179:32
    at asyncUtilWrap (C:\RestPointSoftware\BackendApi\node_modules\express-async-handler\index.js:3:20)
    at Layer.handleRequest (C:\RestPointSoftware\BackendApi\node_modules\router\lib\layer.js:152:17)
    at next (C:\RestPointSoftware\BackendApi\node_modules\router\lib\route.js:157:13)
    at Route.dispatch (C:\RestPointSoftware\BackendApi\node_modules\router\lib\route.js:117:3)
    at handle (C:\RestPointSoftware\BackendApi\node_modules\router\index.js:435:11)
    at Layer.handleRequest (C:\RestPointSoftware\BackendApi\node_modules\router\lib\layer.js:152:17)
    at C:\RestPointSoftware\BackendApi\node_modules\router\index.js:295:15
    at processParams (C:\RestPointSoftware\BackendApi\node_modules\router\index.js:582:12)
    at next (C:\RestPointSoftware\BackendApi\node_modules\router\index.js:291:5)
    at Function.handle (C:\RestPointSoftware\BackendApi\node_modules\router\index.js:186:3)
    at router (C:\RestPointSoftware\BackendApi\node_modules\router\index.js:60:12)
    at Layer.handleRequest (C:\RestPointSoftware\BackendApi\node_modules\router\lib\layer.js:152:17)
    at trimPrefix (C:\RestPointSoftware\BackendApi\node_modules\router\index.js:342:13)
[2025-10-08T19:46:09.151Z] Error: Unknown column 'u.username' in 'SELECT'
    at PromisePool.execute (C:\RestPointSoftware\BackendApi\node_modules\mysql2\lib\promise\pool.js:54:22)
    at safeQuery (C:\RestPointSoftware\BackendApi\configurations\sqlConfig\db.js:26:31)
    at C:\RestPointSoftware\BackendApi\controllers\deceasedControllers\deceasedControl.js:159:32
    at asyncUtilWrap (C:\RestPointSoftware\BackendApi\node_modules\express-async-handler\index.js:3:20)
    at Layer.handleRequest (C:\RestPointSoftware\BackendApi\node_modules\router\lib\layer.js:152:17)
    at next (C:\RestPointSoftware\BackendApi\node_modules\router\lib\route.js:157:13)
    at Route.dispatch (C:\RestPointSoftware\BackendApi\node_modules\router\lib\route.js:117:3)
    at handle (C:\RestPointSoftware\BackendApi\node_modules\router\index.js:435:11)
    at Layer.handleRequest (C:\RestPointSoftware\BackendApi\node_modules\router\lib\layer.js:152:17)
    at C:\RestPointSoftware\BackendApi\node_modules\router\index.js:295:15
    at processParams (C:\RestPointSoftware\BackendApi\node_modules\router\index.js:582:12)
    at next (C:\RestPointSoftware\BackendApi\node_modules\router\index.js:291:5)
    at Function.handle (C:\RestPointSoftware\BackendApi\node_modules\router\index.js:186:3)
    at router (C:\RestPointSoftware\BackendApi\node_modules\router\index.js:60:12)
    at Layer.handleRequest (C:\RestPointSoftware\BackendApi\node_modules\router\lib\layer.js:152:17)
    at trimPrefix (C:\RestPointSoftware\BackendApi\node_modules\router\index.js:342:13)
[2025-10-08T19:46:09.185Z] Error: Unknown column 'u.username' in 'SELECT'
    at PromisePool.execute (C:\RestPointSoftware\BackendApi\node_modules\mysql2\lib\promise\pool.js:54:22)
    at safeQuery (C:\RestPointSoftware\BackendApi\configurations\sqlConfig\db.js:26:31)
    at C:\RestPointSoftware\BackendApi\controllers\deceasedControllers\deceasedControl.js:159:32
    at asyncUtilWrap (C:\RestPointSoftware\BackendApi\node_modules\express-async-handler\index.js:3:20)
    at Layer.handleRequest (C:\RestPointSoftware\BackendApi\node_modules\router\lib\layer.js:152:17)
    at next (C:\RestPointSoftware\BackendApi\node_modules\router\lib\route.js:157:13)
    at Route.dispatch (C:\RestPointSoftware\BackendApi\node_modules\router\lib\route.js:117:3)
    at handle (C:\RestPointSoftware\BackendApi\node_modules\router\index.js:435:11)
    at Layer.handleRequest (C:\RestPointSoftware\BackendApi\node_modules\router\lib\layer.js:152:17)
    at C:\RestPointSoftware\BackendApi\node_modules\router\index.js:295:15
    at processParams (C:\RestPointSoftware\BackendApi\node_modules\router\index.js:582:12)
    at next (C:\RestPointSoftware\BackendApi\node_modules\router\index.js:291:5)
    at Function.handle (C:\RestPointSoftware\BackendApi\node_modules\router\index.js:186:3)
    at router (C:\RestPointSoftware\BackendApi\node_modules\router\index.js:60:12)
    at Layer.handleRequest (C:\RestPointSoftware\BackendApi\node_modules\router\lib\layer.js:152:17)
    at trimPrefix (C:\RestPointSoftware\BackendApi\node_modules\router\index.js:342:13)
